2025-09-08 17:29:15,523 - INFO - autoreload - Watching for file changes with StatReloader
2025-09-08 17:30:35,201 - INFO - basehttp - "GET / HTTP/1.1" 302 0
2025-09-08 17:30:35,584 - INFO - basehttp - "GET /compte/login/ HTTP/1.1" 200 14502
2025-09-08 17:30:35,645 - INFO - basehttp - "GET /static/css/dist/style.css HTTP/1.1" 302 0
2025-09-08 17:30:35,678 - INFO - basehttp - "GET /static/css/bootstrap.min.css HTTP/1.1" 200 155845
2025-09-08 17:30:35,682 - INFO - basehttp - "GET /static/css/styles.css HTTP/1.1" 200 7304
2025-09-08 17:30:35,702 - INFO - basehttp - "GET /compte/login/ HTTP/1.1" 200 14502
2025-09-08 17:30:35,711 - INFO - basehttp - "GET /static/fontawesome-free-7.0.0-web/css/all.min.css HTTP/1.1" 200 74185
2025-09-08 17:30:35,809 - INFO - basehttp - "GET /static/js/bootstrap.bundle.min.js HTTP/1.1" 200 78743
2025-09-08 17:30:35,941 - INFO - basehttp - "GET /static/fontawesome-free-7.0.0-web/webfonts/fa-solid-900.woff2 HTTP/1.1" 200 113108
2025-09-08 17:30:35,989 - INFO - basehttp - "GET /favicon.ico HTTP/1.1" 302 0
2025-09-08 17:30:36,021 - INFO - basehttp - "GET /compte/login/ HTTP/1.1" 200 14502
2025-09-08 17:30:47,255 - INFO - basehttp - "POST /compte/login/ HTTP/1.1" 302 0
2025-09-08 17:30:47,400 - INFO - basehttp - "GET /Gestion_adherent/ HTTP/1.1" 200 23719
2025-09-08 17:30:47,470 - WARNING - log - Not Found: /static/css/dist/style.css
2025-09-08 17:30:47,471 - WARNING - basehttp - "GET /static/css/dist/style.css HTTP/1.1" 404 179
2025-09-08 17:30:47,664 - WARNING - log - Not Found: /favicon.ico
2025-09-08 17:30:47,665 - WARNING - basehttp - "GET /favicon.ico HTTP/1.1" 404 179
2025-09-08 17:33:22,283 - INFO - basehttp - "GET /compte/logout/ HTTP/1.1" 302 0
2025-09-08 17:33:22,322 - INFO - basehttp - "GET /compte/login/ HTTP/1.1" 200 14502
2025-09-08 17:33:22,379 - INFO - basehttp - "GET /static/css/bootstrap.min.css HTTP/1.1" 304 0
2025-09-08 17:33:22,386 - INFO - basehttp - "GET /static/css/styles.css HTTP/1.1" 304 0
2025-09-08 17:33:22,388 - INFO - basehttp - "GET /static/fontawesome-free-7.0.0-web/css/all.min.css HTTP/1.1" 304 0
2025-09-08 17:33:22,389 - INFO - basehttp - "GET /static/js/bootstrap.bundle.min.js HTTP/1.1" 304 0
2025-09-08 17:33:22,389 - INFO - basehttp - "GET /static/css/dist/style.css HTTP/1.1" 302 0
2025-09-08 17:33:22,415 - INFO - basehttp - "GET /compte/login/ HTTP/1.1" 200 14502
2025-09-08 17:33:35,846 - INFO - basehttp - "POST /compte/login/ HTTP/1.1" 302 0
2025-09-08 17:33:35,964 - INFO - basehttp - "GET / HTTP/1.1" 200 18584
2025-09-08 17:33:36,044 - WARNING - log - Not Found: /static/css/dist/style.css
2025-09-08 17:33:36,046 - WARNING - log - Not Found: /static/js/chart.min.js
2025-09-08 17:33:36,047 - WARNING - basehttp - "GET /static/css/dist/style.css HTTP/1.1" 404 179
2025-09-08 17:33:36,050 - WARNING - basehttp - "GET /static/js/chart.min.js HTTP/1.1" 404 179
2025-09-08 17:33:36,051 - INFO - basehttp - - Broken pipe from ('127.0.0.1', 52384)
2025-09-08 17:33:36,056 - WARNING - log - Not Found: /static/fontawesome/css/all.min.css
2025-09-08 17:33:36,057 - WARNING - basehttp - "GET /static/fontawesome/css/all.min.css HTTP/1.1" 404 179
2025-09-08 17:33:36,106 - INFO - basehttp - "GET /static/fontawesome-free-7.0.0-web/webfonts/fa-solid-900.woff2 HTTP/1.1" 304 0
2025-09-08 17:33:38,940 - INFO - basehttp - "GET /structures/ HTTP/1.1" 200 14285
2025-09-08 17:33:38,994 - WARNING - log - Not Found: /static/css/dist/style.css
2025-09-08 17:33:38,994 - WARNING - basehttp - "GET /static/css/dist/style.css HTTP/1.1" 404 179
2025-09-08 17:33:39,094 - WARNING - log - Not Found: /static/images/building_icon.png
2025-09-08 17:33:39,095 - WARNING - basehttp - "GET /static/images/building_icon.png HTTP/1.1" 404 179
2025-09-08 17:33:51,107 - INFO - basehttp - "GET /structures/imprimer/1/ HTTP/1.1" 200 4629
2025-09-08 17:36:33,614 - INFO - autoreload - D:\Projet\AJCA\SGDA_project\referentiel\structure\models.py changed, reloading.
2025-09-08 17:36:36,131 - INFO - autoreload - Watching for file changes with StatReloader
2025-09-08 17:37:17,299 - INFO - autoreload - D:\Projet\AJCA\SGDA_project\referentiel\structure\forms.py changed, reloading.
2025-09-08 17:37:18,822 - INFO - autoreload - Watching for file changes with StatReloader
2025-09-08 17:38:08,404 - INFO - autoreload - D:\Projet\AJCA\SGDA_project\referentiel\structure\admin.py changed, reloading.
2025-09-08 17:38:10,240 - INFO - autoreload - Watching for file changes with StatReloader
2025-09-08 17:38:44,398 - INFO - autoreload - D:\Projet\AJCA\SGDA_project\referentiel\structure\views.py changed, reloading.
2025-09-08 17:38:46,248 - INFO - autoreload - Watching for file changes with StatReloader
2025-09-08 17:38:53,712 - INFO - autoreload - D:\Projet\AJCA\SGDA_project\referentiel\structure\views.py changed, reloading.
2025-09-08 17:38:55,549 - INFO - autoreload - Watching for file changes with StatReloader
2025-09-08 17:38:59,745 - INFO - autoreload - D:\Projet\AJCA\SGDA_project\referentiel\structure\views.py changed, reloading.
2025-09-08 17:39:01,281 - INFO - autoreload - Watching for file changes with StatReloader
2025-09-08 17:39:11,071 - INFO - autoreload - D:\Projet\AJCA\SGDA_project\referentiel\structure\views.py changed, reloading.
2025-09-08 17:39:12,740 - INFO - autoreload - Watching for file changes with StatReloader
2025-09-08 17:39:27,682 - INFO - autoreload - D:\Projet\AJCA\SGDA_project\referentiel\structure\views.py changed, reloading.
2025-09-08 17:39:29,204 - INFO - autoreload - Watching for file changes with StatReloader
2025-09-08 17:43:44,518 - INFO - autoreload - D:\Projet\AJCA\SGDA_project\referentiel\structure\vew_impression.py changed, reloading.
2025-09-08 17:43:46,586 - INFO - autoreload - Watching for file changes with StatReloader
2025-09-08 17:44:24,651 - INFO - autoreload - D:\Projet\AJCA\SGDA_project\referentiel\structure\vew_impression.py changed, reloading.
2025-09-08 17:44:26,618 - INFO - autoreload - Watching for file changes with StatReloader
2025-09-08 17:45:37,464 - INFO - autoreload - D:\Projet\AJCA\SGDA_project\referentiel\structure\vew_impression.py changed, reloading.
2025-09-08 17:45:40,494 - INFO - autoreload - Watching for file changes with StatReloader
2025-09-08 17:48:38,735 - INFO - autoreload - D:\Projet\AJCA\SGDA_project\referentiel\structure\vew_impression.py changed, reloading.
2025-09-08 17:48:40,566 - INFO - autoreload - Watching for file changes with StatReloader
2025-09-08 17:50:16,085 - INFO - autoreload - D:\Projet\AJCA\SGDA_project\referentiel\structure\vew_impression.py changed, reloading.
2025-09-08 17:50:17,781 - INFO - autoreload - Watching for file changes with StatReloader
2025-09-08 17:52:18,475 - INFO - autoreload - D:\Projet\AJCA\SGDA_project\referentiel\structure\vew_impression.py changed, reloading.
2025-09-08 17:52:20,706 - INFO - autoreload - Watching for file changes with StatReloader
2025-09-08 17:54:22,705 - INFO - autoreload - D:\Projet\AJCA\SGDA_project\referentiel\structure\vew_impression.py changed, reloading.
2025-09-08 17:54:24,725 - INFO - autoreload - Watching for file changes with StatReloader
2025-09-08 17:54:31,471 - INFO - autoreload - D:\Projet\AJCA\SGDA_project\referentiel\structure\vew_impression.py changed, reloading.
2025-09-08 17:54:32,725 - INFO - autoreload - Watching for file changes with StatReloader
2025-09-08 17:55:03,166 - INFO - autoreload - D:\Projet\AJCA\SGDA_project\referentiel\structure\vew_impression.py changed, reloading.
2025-09-08 17:55:04,937 - INFO - autoreload - Watching for file changes with StatReloader
2025-09-08 17:55:26,978 - ERROR - log - Internal Server Error: /structures/
Traceback (most recent call last):
  File "C:\Users\Romaric AKAYOA\AppData\Local\Programs\Python\Python310\lib\site-packages\django\db\backends\utils.py", line 89, in _execute
    return self.cursor.execute(sql, params)
  File "C:\Users\Romaric AKAYOA\AppData\Local\Programs\Python\Python310\lib\site-packages\django\db\backends\mysql\base.py", line 75, in execute
    return self.cursor.execute(query, args)
  File "C:\Users\Romaric AKAYOA\AppData\Local\Programs\Python\Python310\lib\site-packages\MySQLdb\cursors.py", line 179, in execute
    res = self._query(mogrified_query)
  File "C:\Users\Romaric AKAYOA\AppData\Local\Programs\Python\Python310\lib\site-packages\MySQLdb\cursors.py", line 330, in _query
    db.query(q)
  File "C:\Users\Romaric AKAYOA\AppData\Local\Programs\Python\Python310\lib\site-packages\MySQLdb\connections.py", line 280, in query
    _mysql.connection.query(self, query)
MySQLdb.OperationalError: (1054, "Unknown column 'structure_structure.numero_enregistrement' in 'field list'")

The above exception was the direct cause of the following exception:

Traceback (most recent call last):
  File "C:\Users\Romaric AKAYOA\AppData\Local\Programs\Python\Python310\lib\site-packages\django\core\handlers\exception.py", line 55, in inner
    response = get_response(request)
  File "C:\Users\Romaric AKAYOA\AppData\Local\Programs\Python\Python310\lib\site-packages\django\core\handlers\base.py", line 197, in _get_response
    response = wrapped_callback(request, *callback_args, **callback_kwargs)
  File "D:\Projet\AJCA\SGDA_project\referentiel\structure\views.py", line 25, in structure_list
    return render(request, 'structure/structure_list.html', {'structures': structures})
  File "C:\Users\Romaric AKAYOA\AppData\Local\Programs\Python\Python310\lib\site-packages\django\shortcuts.py", line 24, in render
    content = loader.render_to_string(template_name, context, request, using=using)
  File "C:\Users\Romaric AKAYOA\AppData\Local\Programs\Python\Python310\lib\site-packages\django\template\loader.py", line 62, in render_to_string
    return template.render(context, request)
  File "C:\Users\Romaric AKAYOA\AppData\Local\Programs\Python\Python310\lib\site-packages\django\template\backends\django.py", line 61, in render
    return self.template.render(context)
  File "C:\Users\Romaric AKAYOA\AppData\Local\Programs\Python\Python310\lib\site-packages\django\template\base.py", line 173, in render
    with context.bind_template(self):
  File "C:\Users\Romaric AKAYOA\AppData\Local\Programs\Python\Python310\lib\contextlib.py", line 135, in __enter__
    return next(self.gen)
  File "C:\Users\Romaric AKAYOA\AppData\Local\Programs\Python\Python310\lib\site-packages\django\template\context.py", line 254, in bind_template
    updates.update(processor(self.request))
  File "D:\Projet\AJCA\SGDA_project\referentiel\structure\context_processors.py", line 9, in administration
    administration = Structure.objects.first()  # Ou votre logique spécifique pour obtenir l'objet administration
  File "C:\Users\Romaric AKAYOA\AppData\Local\Programs\Python\Python310\lib\site-packages\django\db\models\manager.py", line 87, in manager_method
    return getattr(self.get_queryset(), name)(*args, **kwargs)
  File "C:\Users\Romaric AKAYOA\AppData\Local\Programs\Python\Python310\lib\site-packages\django\db\models\query.py", line 1057, in first
    for obj in queryset[:1]:
  File "C:\Users\Romaric AKAYOA\AppData\Local\Programs\Python\Python310\lib\site-packages\django\db\models\query.py", line 398, in __iter__
    self._fetch_all()
  File "C:\Users\Romaric AKAYOA\AppData\Local\Programs\Python\Python310\lib\site-packages\django\db\models\query.py", line 1881, in _fetch_all
    self._result_cache = list(self._iterable_class(self))
  File "C:\Users\Romaric AKAYOA\AppData\Local\Programs\Python\Python310\lib\site-packages\django\db\models\query.py", line 91, in __iter__
    results = compiler.execute_sql(
  File "C:\Users\Romaric AKAYOA\AppData\Local\Programs\Python\Python310\lib\site-packages\django\db\models\sql\compiler.py", line 1562, in execute_sql
    cursor.execute(sql, params)
  File "C:\Users\Romaric AKAYOA\AppData\Local\Programs\Python\Python310\lib\site-packages\django\db\backends\utils.py", line 67, in execute
    return self._execute_with_wrappers(
  File "C:\Users\Romaric AKAYOA\AppData\Local\Programs\Python\Python310\lib\site-packages\django\db\backends\utils.py", line 80, in _execute_with_wrappers
    return executor(sql, params, many, context)
  File "C:\Users\Romaric AKAYOA\AppData\Local\Programs\Python\Python310\lib\site-packages\django\db\backends\utils.py", line 84, in _execute
    with self.db.wrap_database_errors:
  File "C:\Users\Romaric AKAYOA\AppData\Local\Programs\Python\Python310\lib\site-packages\django\db\utils.py", line 91, in __exit__
    raise dj_exc_value.with_traceback(traceback) from exc_value
  File "C:\Users\Romaric AKAYOA\AppData\Local\Programs\Python\Python310\lib\site-packages\django\db\backends\utils.py", line 89, in _execute
    return self.cursor.execute(sql, params)
  File "C:\Users\Romaric AKAYOA\AppData\Local\Programs\Python\Python310\lib\site-packages\django\db\backends\mysql\base.py", line 75, in execute
    return self.cursor.execute(query, args)
  File "C:\Users\Romaric AKAYOA\AppData\Local\Programs\Python\Python310\lib\site-packages\MySQLdb\cursors.py", line 179, in execute
    res = self._query(mogrified_query)
  File "C:\Users\Romaric AKAYOA\AppData\Local\Programs\Python\Python310\lib\site-packages\MySQLdb\cursors.py", line 330, in _query
    db.query(q)
  File "C:\Users\Romaric AKAYOA\AppData\Local\Programs\Python\Python310\lib\site-packages\MySQLdb\connections.py", line 280, in query
    _mysql.connection.query(self, query)
django.db.utils.OperationalError: (1054, "Unknown column 'structure_structure.numero_enregistrement' in 'field list'")
2025-09-08 17:55:27,237 - ERROR - basehttp - "GET /structures/ HTTP/1.1" 500 145
2025-09-08 17:57:08,593 - INFO - basehttp - "GET /structures/ HTTP/1.1" 200 14155
2025-09-08 17:57:08,662 - INFO - basehttp - "GET /static/css/bootstrap.min.css HTTP/1.1" 304 0
2025-09-08 17:57:08,669 - INFO - basehttp - "GET /static/css/styles.css HTTP/1.1" 304 0
2025-09-08 17:57:08,670 - INFO - basehttp - "GET /static/fontawesome-free-7.0.0-web/css/all.min.css HTTP/1.1" 304 0
2025-09-08 17:57:08,681 - INFO - basehttp - "GET /static/js/bootstrap.bundle.min.js HTTP/1.1" 304 0
2025-09-08 17:57:08,684 - WARNING - log - Not Found: /static/css/dist/style.css
2025-09-08 17:57:08,685 - WARNING - basehttp - "GET /static/css/dist/style.css HTTP/1.1" 404 179
2025-09-08 17:57:08,764 - INFO - basehttp - "GET /static/fontawesome-free-7.0.0-web/webfonts/fa-solid-900.woff2 HTTP/1.1" 304 0
2025-09-08 17:57:15,953 - INFO - basehttp - "GET /structures/modifier/1/ HTTP/1.1" 200 16287
2025-09-08 17:57:16,029 - WARNING - log - Not Found: /static/css/dist/style.css
2025-09-08 17:57:16,030 - WARNING - basehttp - "GET /static/css/dist/style.css HTTP/1.1" 404 179
2025-09-08 17:57:27,684 - INFO - basehttp - "GET /structures/ HTTP/1.1" 200 14155
2025-09-08 17:57:27,745 - WARNING - log - Not Found: /static/css/dist/style.css
2025-09-08 17:57:27,745 - WARNING - basehttp - "GET /static/css/dist/style.css HTTP/1.1" 404 179
2025-09-08 17:57:32,291 - INFO - basehttp - "GET /structures/imprimer/1/ HTTP/1.1" 200 2686
2025-09-08 17:57:42,982 - INFO - basehttp - "GET /structures/imprimer/ HTTP/1.1" 200 2828
2025-09-08 17:58:33,121 - INFO - autoreload - D:\Projet\AJCA\SGDA_project\referentiel\structure\urls.py changed, reloading.
2025-09-08 17:58:35,689 - INFO - autoreload - Watching for file changes with StatReloader
2025-09-08 17:59:41,228 - INFO - autoreload - D:\Projet\AJCA\SGDA_project\referentiel\structure\vew_impression.py changed, reloading.
2025-09-08 17:59:42,866 - INFO - autoreload - Watching for file changes with StatReloader
2025-09-08 18:00:10,986 - INFO - autoreload - D:\Projet\AJCA\SGDA_project\referentiel\structure\vew_impression.py changed, reloading.
2025-09-08 18:00:12,518 - INFO - autoreload - Watching for file changes with StatReloader
2025-09-08 18:00:18,701 - INFO - autoreload - D:\Projet\AJCA\SGDA_project\referentiel\structure\vew_impression.py changed, reloading.
2025-09-08 18:00:20,849 - INFO - autoreload - Watching for file changes with StatReloader
2025-09-08 18:00:24,055 - INFO - autoreload - D:\Projet\AJCA\SGDA_project\referentiel\structure\vew_impression.py changed, reloading.
2025-09-08 18:00:25,682 - INFO - autoreload - Watching for file changes with StatReloader
2025-09-08 18:00:34,243 - INFO - autoreload - D:\Projet\AJCA\SGDA_project\referentiel\structure\vew_impression.py changed, reloading.
2025-09-08 18:00:36,313 - INFO - autoreload - Watching for file changes with StatReloader
2025-09-08 18:00:46,794 - ERROR - log - Internal Server Error: /structures/imprimer/1/
Traceback (most recent call last):
  File "C:\Users\Romaric AKAYOA\AppData\Local\Programs\Python\Python310\lib\site-packages\django\core\handlers\exception.py", line 55, in inner
    response = get_response(request)
  File "C:\Users\Romaric AKAYOA\AppData\Local\Programs\Python\Python310\lib\site-packages\django\core\handlers\base.py", line 197, in _get_response
    response = wrapped_callback(request, *callback_args, **callback_kwargs)
  File "D:\Projet\AJCA\SGDA_project\referentiel\structure\vew_impression.py", line 134, in generer_pdf_structure_detail
NameError: name 'SimpleDocTemplate' is not defined
2025-09-08 18:00:46,816 - ERROR - basehttp - "GET /structures/imprimer/1/ HTTP/1.1" 500 145
2025-09-08 18:00:49,772 - ERROR - log - Internal Server Error: /structures/imprimer/1/
Traceback (most recent call last):
  File "C:\Users\Romaric AKAYOA\AppData\Local\Programs\Python\Python310\lib\site-packages\django\core\handlers\exception.py", line 55, in inner
    response = get_response(request)
  File "C:\Users\Romaric AKAYOA\AppData\Local\Programs\Python\Python310\lib\site-packages\django\core\handlers\base.py", line 197, in _get_response
    response = wrapped_callback(request, *callback_args, **callback_kwargs)
  File "D:\Projet\AJCA\SGDA_project\referentiel\structure\vew_impression.py", line 134, in generer_pdf_structure_detail
NameError: name 'SimpleDocTemplate' is not defined
2025-09-08 18:00:49,773 - ERROR - basehttp - "GET /structures/imprimer/1/ HTTP/1.1" 500 145
2025-09-08 18:00:54,777 - ERROR - log - Internal Server Error: /structures/imprimer/1/
Traceback (most recent call last):
  File "C:\Users\Romaric AKAYOA\AppData\Local\Programs\Python\Python310\lib\site-packages\django\core\handlers\exception.py", line 55, in inner
    response = get_response(request)
  File "C:\Users\Romaric AKAYOA\AppData\Local\Programs\Python\Python310\lib\site-packages\django\core\handlers\base.py", line 197, in _get_response
    response = wrapped_callback(request, *callback_args, **callback_kwargs)
  File "D:\Projet\AJCA\SGDA_project\referentiel\structure\vew_impression.py", line 134, in generer_pdf_structure_detail
NameError: name 'SimpleDocTemplate' is not defined
2025-09-08 18:00:54,779 - ERROR - basehttp - "GET /structures/imprimer/1/ HTTP/1.1" 500 145
2025-09-08 18:01:00,361 - INFO - basehttp - "GET /structures/imprimer/ HTTP/1.1" 200 2828
2025-09-08 18:02:39,175 - INFO - autoreload - D:\Projet\AJCA\SGDA_project\referentiel\structure\vew_impression.py changed, reloading.
2025-09-08 18:02:41,302 - INFO - autoreload - Watching for file changes with StatReloader
2025-09-08 18:02:50,707 - INFO - basehttp - "GET /structures/ HTTP/1.1" 200 14155
2025-09-08 18:02:50,769 - INFO - basehttp - "GET /static/css/styles.css HTTP/1.1" 304 0
2025-09-08 18:02:50,770 - INFO - basehttp - "GET /static/css/bootstrap.min.css HTTP/1.1" 304 0
2025-09-08 18:02:50,773 - INFO - basehttp - "GET /static/fontawesome-free-7.0.0-web/css/all.min.css HTTP/1.1" 304 0
2025-09-08 18:02:50,792 - INFO - basehttp - "GET /static/js/bootstrap.bundle.min.js HTTP/1.1" 304 0
2025-09-08 18:02:50,801 - WARNING - log - Not Found: /static/css/dist/style.css
2025-09-08 18:02:50,802 - WARNING - basehttp - "GET /static/css/dist/style.css HTTP/1.1" 404 179
2025-09-08 18:02:51,036 - INFO - basehttp - "GET /static/fontawesome-free-7.0.0-web/webfonts/fa-solid-900.woff2 HTTP/1.1" 304 0
2025-09-08 18:02:54,666 - INFO - basehttp - "GET /structures/imprimer/1/ HTTP/1.1" 200 3361
2025-09-08 18:04:13,342 - INFO - autoreload - D:\Projet\AJCA\SGDA_project\referentiel\structure\vew_impression.py changed, reloading.
2025-09-08 18:04:16,376 - INFO - autoreload - Watching for file changes with StatReloader
2025-09-08 18:04:32,820 - INFO - autoreload - D:\Projet\AJCA\SGDA_project\referentiel\structure\vew_impression.py changed, reloading.
2025-09-08 18:04:39,098 - INFO - autoreload - Watching for file changes with StatReloader
2025-09-08 18:04:52,537 - INFO - autoreload - D:\Projet\AJCA\SGDA_project\referentiel\structure\vew_impression.py changed, reloading.
2025-09-08 18:04:54,106 - INFO - autoreload - Watching for file changes with StatReloader
2025-09-08 18:05:06,353 - INFO - autoreload - D:\Projet\AJCA\SGDA_project\referentiel\structure\vew_impression.py changed, reloading.
2025-09-08 18:05:07,782 - INFO - autoreload - Watching for file changes with StatReloader
2025-09-08 18:05:17,039 - INFO - autoreload - D:\Projet\AJCA\SGDA_project\referentiel\structure\vew_impression.py changed, reloading.
2025-09-08 18:05:18,543 - INFO - autoreload - Watching for file changes with StatReloader
2025-09-08 18:05:26,646 - INFO - autoreload - D:\Projet\AJCA\SGDA_project\referentiel\structure\vew_impression.py changed, reloading.
2025-09-08 18:05:28,305 - INFO - autoreload - Watching for file changes with StatReloader
2025-09-08 18:05:45,286 - INFO - autoreload - D:\Projet\AJCA\SGDA_project\referentiel\structure\vew_impression.py changed, reloading.
2025-09-08 18:05:47,372 - INFO - autoreload - Watching for file changes with StatReloader
2025-09-08 18:05:56,461 - INFO - basehttp - "GET /structures/ HTTP/1.1" 200 14155
2025-09-08 18:05:56,527 - INFO - basehttp - "GET /static/css/bootstrap.min.css HTTP/1.1" 304 0
2025-09-08 18:05:56,528 - INFO - basehttp - "GET /static/css/styles.css HTTP/1.1" 304 0
2025-09-08 18:05:56,531 - INFO - basehttp - "GET /static/fontawesome-free-7.0.0-web/css/all.min.css HTTP/1.1" 304 0
2025-09-08 18:05:56,537 - INFO - basehttp - "GET /static/js/bootstrap.bundle.min.js HTTP/1.1" 304 0
2025-09-08 18:05:56,551 - WARNING - log - Not Found: /static/css/dist/style.css
2025-09-08 18:05:56,552 - WARNING - basehttp - "GET /static/css/dist/style.css HTTP/1.1" 404 179
2025-09-08 18:05:56,582 - INFO - basehttp - "GET /static/fontawesome-free-7.0.0-web/webfonts/fa-solid-900.woff2 HTTP/1.1" 304 0
2025-09-08 18:06:05,175 - INFO - basehttp - "GET /structures/imprimer/1/ HTTP/1.1" 200 3381
2025-09-08 18:06:32,702 - INFO - basehttp - "GET /structures/imprimer/ HTTP/1.1" 200 2828
2025-09-08 18:08:15,943 - INFO - autoreload - D:\Projet\AJCA\SGDA_project\referentiel\structure\vew_impression.py changed, reloading.
2025-09-08 18:08:17,717 - INFO - autoreload - Watching for file changes with StatReloader
2025-09-08 18:08:27,140 - INFO - basehttp - "GET /structures/imprimer/1/ HTTP/1.1" 200 3381
2025-09-08 18:08:34,155 - INFO - basehttp - "GET /structures/imprimer/ HTTP/1.1" 200 2733
2025-09-08 18:10:28,171 - INFO - autoreload - D:\Projet\AJCA\SGDA_project\referentiel\structure\vew_impression.py changed, reloading.
2025-09-08 18:10:30,551 - INFO - autoreload - Watching for file changes with StatReloader
2025-09-08 18:11:30,275 - INFO - autoreload - D:\Projet\AJCA\SGDA_project\referentiel\structure\urls.py changed, reloading.
2025-09-08 18:11:32,124 - INFO - autoreload - Watching for file changes with StatReloader
2025-09-08 18:11:36,035 - INFO - autoreload - D:\Projet\AJCA\SGDA_project\referentiel\structure\vew_impression.py changed, reloading.
2025-09-08 18:11:37,536 - INFO - autoreload - Watching for file changes with StatReloader
2025-09-08 18:12:38,178 - INFO - autoreload - D:\Projet\AJCA\SGDA_project\referentiel\structure\vew_impression.py changed, reloading.
2025-09-08 18:12:40,049 - INFO - autoreload - Watching for file changes with StatReloader
2025-09-08 18:12:48,803 - INFO - basehttp - "GET /structures/ HTTP/1.1" 200 14155
2025-09-08 18:12:48,866 - INFO - basehttp - "GET /static/css/bootstrap.min.css HTTP/1.1" 304 0
2025-09-08 18:12:48,875 - INFO - basehttp - "GET /static/css/styles.css HTTP/1.1" 304 0
2025-09-08 18:12:48,878 - INFO - basehttp - "GET /static/fontawesome-free-7.0.0-web/css/all.min.css HTTP/1.1" 304 0
2025-09-08 18:12:48,883 - INFO - basehttp - "GET /static/js/bootstrap.bundle.min.js HTTP/1.1" 304 0
2025-09-08 18:12:48,888 - WARNING - log - Not Found: /static/css/dist/style.css
2025-09-08 18:12:48,889 - WARNING - basehttp - "GET /static/css/dist/style.css HTTP/1.1" 404 179
2025-09-08 18:12:49,160 - INFO - basehttp - "GET /static/fontawesome-free-7.0.0-web/webfonts/fa-solid-900.woff2 HTTP/1.1" 304 0
2025-09-08 18:12:51,383 - INFO - basehttp - "GET /structures/imprimer/ HTTP/1.1" 200 2732
2025-09-08 18:16:27,182 - INFO - autoreload - D:\Projet\AJCA\SGDA_project\referentiel\structure\vew_impression.py changed, reloading.
2025-09-08 18:16:29,791 - INFO - autoreload - Watching for file changes with StatReloader
2025-09-08 18:16:38,053 - INFO - basehttp - "GET /structures/ HTTP/1.1" 200 14155
2025-09-08 18:16:38,103 - INFO - basehttp - "GET /static/css/bootstrap.min.css HTTP/1.1" 304 0
2025-09-08 18:16:38,112 - INFO - basehttp - "GET /static/css/styles.css HTTP/1.1" 304 0
2025-09-08 18:16:38,122 - INFO - basehttp - "GET /static/fontawesome-free-7.0.0-web/css/all.min.css HTTP/1.1" 304 0
2025-09-08 18:16:38,125 - INFO - basehttp - "GET /static/js/bootstrap.bundle.min.js HTTP/1.1" 304 0
2025-09-08 18:16:38,134 - WARNING - log - Not Found: /static/css/dist/style.css
2025-09-08 18:16:38,135 - WARNING - basehttp - "GET /static/css/dist/style.css HTTP/1.1" 404 179
2025-09-08 18:16:38,314 - INFO - basehttp - "GET /static/fontawesome-free-7.0.0-web/webfonts/fa-solid-900.woff2 HTTP/1.1" 304 0
2025-09-08 18:16:40,711 - INFO - basehttp - "GET /structures/imprimer/ HTTP/1.1" 200 2751
2025-09-08 18:17:34,843 - INFO - autoreload - D:\Projet\AJCA\SGDA_project\referentiel\structure\vew_impression.py changed, reloading.
2025-09-08 18:17:37,250 - INFO - autoreload - Watching for file changes with StatReloader
2025-09-08 18:18:29,128 - INFO - autoreload - D:\Projet\AJCA\SGDA_project\referentiel\structure\vew_impression.py changed, reloading.
2025-09-08 18:18:31,723 - INFO - autoreload - Watching for file changes with StatReloader
2025-09-08 18:20:40,875 - INFO - autoreload - D:\Projet\AJCA\SGDA_project\referentiel\structure\vew_impression.py changed, reloading.
2025-09-08 18:20:42,858 - INFO - autoreload - Watching for file changes with StatReloader
2025-09-08 18:21:01,907 - INFO - autoreload - D:\Projet\AJCA\SGDA_project\referentiel\structure\vew_impression.py changed, reloading.
2025-09-08 18:21:03,599 - INFO - autoreload - Watching for file changes with StatReloader
2025-09-08 18:21:15,416 - INFO - basehttp - "GET /structures/ HTTP/1.1" 200 14155
2025-09-08 18:21:15,483 - INFO - basehttp - "GET /static/css/bootstrap.min.css HTTP/1.1" 304 0
2025-09-08 18:21:15,497 - INFO - basehttp - "GET /static/js/bootstrap.bundle.min.js HTTP/1.1" 304 0
2025-09-08 18:21:15,503 - INFO - basehttp - "GET /static/fontawesome-free-7.0.0-web/css/all.min.css HTTP/1.1" 304 0
2025-09-08 18:21:15,514 - INFO - basehttp - "GET /static/css/styles.css HTTP/1.1" 304 0
2025-09-08 18:21:15,517 - WARNING - log - Not Found: /static/css/dist/style.css
2025-09-08 18:21:15,519 - WARNING - basehttp - "GET /static/css/dist/style.css HTTP/1.1" 404 179
2025-09-08 18:21:15,570 - INFO - basehttp - "GET /static/fontawesome-free-7.0.0-web/webfonts/fa-solid-900.woff2 HTTP/1.1" 304 0
2025-09-08 18:21:18,473 - INFO - basehttp - "GET /structures/imprimer/ HTTP/1.1" 200 3199
2025-09-08 18:21:34,769 - INFO - autoreload - D:\Projet\AJCA\SGDA_project\referentiel\structure\vew_impression.py changed, reloading.
2025-09-08 18:21:36,547 - INFO - autoreload - Watching for file changes with StatReloader
2025-09-08 18:21:49,320 - INFO - basehttp - "GET /structures/imprimer/ HTTP/1.1" 200 3199
2025-09-08 18:24:27,916 - INFO - autoreload - D:\Projet\AJCA\SGDA_project\referentiel\structure\vew_impression.py changed, reloading.
2025-09-08 18:24:29,765 - INFO - autoreload - Watching for file changes with StatReloader
2025-09-08 18:24:44,075 - INFO - basehttp - "GET /structures/ HTTP/1.1" 200 14155
2025-09-08 18:24:44,136 - INFO - basehttp - "GET /static/css/bootstrap.min.css HTTP/1.1" 304 0
2025-09-08 18:24:44,154 - INFO - basehttp - "GET /static/css/styles.css HTTP/1.1" 304 0
2025-09-08 18:24:44,160 - INFO - basehttp - "GET /static/js/bootstrap.bundle.min.js HTTP/1.1" 304 0
2025-09-08 18:24:44,161 - INFO - basehttp - "GET /static/fontawesome-free-7.0.0-web/css/all.min.css HTTP/1.1" 304 0
2025-09-08 18:24:44,164 - WARNING - log - Not Found: /static/css/dist/style.css
2025-09-08 18:24:44,165 - WARNING - basehttp - "GET /static/css/dist/style.css HTTP/1.1" 404 179
2025-09-08 18:24:44,210 - INFO - basehttp - "GET /static/fontawesome-free-7.0.0-web/webfonts/fa-solid-900.woff2 HTTP/1.1" 304 0
2025-09-08 18:24:46,440 - INFO - basehttp - "GET /structures/imprimer/ HTTP/1.1" 200 3199
2025-09-08 18:25:35,284 - INFO - autoreload - D:\Projet\AJCA\SGDA_project\referentiel\structure\vew_impression.py changed, reloading.
2025-09-08 18:25:37,569 - INFO - autoreload - Watching for file changes with StatReloader
2025-09-08 18:25:46,273 - INFO - basehttp - "GET /structures/ HTTP/1.1" 200 14155
2025-09-08 18:25:46,341 - INFO - basehttp - "GET /static/css/bootstrap.min.css HTTP/1.1" 304 0
2025-09-08 18:25:46,355 - INFO - basehttp - "GET /static/css/styles.css HTTP/1.1" 304 0
2025-09-08 18:25:46,359 - INFO - basehttp - "GET /static/fontawesome-free-7.0.0-web/css/all.min.css HTTP/1.1" 304 0
2025-09-08 18:25:46,363 - WARNING - log - Not Found: /static/css/dist/style.css
2025-09-08 18:25:46,364 - WARNING - basehttp - "GET /static/css/dist/style.css HTTP/1.1" 404 179
2025-09-08 18:25:46,381 - INFO - basehttp - "GET /static/js/bootstrap.bundle.min.js HTTP/1.1" 304 0
2025-09-08 18:25:46,405 - INFO - basehttp - "GET /static/fontawesome-free-7.0.0-web/webfonts/fa-solid-900.woff2 HTTP/1.1" 304 0
2025-09-08 18:25:46,882 - INFO - basehttp - "GET /structures/modifier/1/ HTTP/1.1" 200 16287
2025-09-08 18:25:46,955 - WARNING - log - Not Found: /static/css/dist/style.css
2025-09-08 18:25:46,956 - WARNING - basehttp - "GET /static/css/dist/style.css HTTP/1.1" 404 179
2025-09-08 18:25:48,811 - INFO - basehttp - "GET /structures/ HTTP/1.1" 200 14155
2025-09-08 18:25:48,870 - WARNING - log - Not Found: /static/css/dist/style.css
2025-09-08 18:25:48,871 - WARNING - basehttp - "GET /static/css/dist/style.css HTTP/1.1" 404 179
2025-09-08 18:25:51,461 - INFO - basehttp - "GET /structures/imprimer/ HTTP/1.1" 200 3198
2025-09-08 18:26:23,935 - INFO - autoreload - D:\Projet\AJCA\SGDA_project\referentiel\structure\vew_impression.py changed, reloading.
2025-09-08 18:26:26,729 - INFO - autoreload - Watching for file changes with StatReloader
2025-09-08 18:26:35,907 - INFO - basehttp - "GET /structures/imprimer/ HTTP/1.1" 200 3198
2025-09-08 18:26:42,004 - INFO - basehttp - "GET /structures/imprimer/ HTTP/1.1" 200 3198
2025-09-08 18:28:40,128 - INFO - autoreload - D:\Projet\AJCA\SGDA_project\referentiel\structure\vew_impression.py changed, reloading.
2025-09-08 18:28:42,171 - INFO - autoreload - Watching for file changes with StatReloader
2025-09-08 18:28:54,794 - INFO - basehttp - "GET /structures/ HTTP/1.1" 200 14155
2025-09-08 18:28:54,848 - INFO - basehttp - "GET /static/css/bootstrap.min.css HTTP/1.1" 304 0
2025-09-08 18:28:54,877 - INFO - basehttp - "GET /static/css/styles.css HTTP/1.1" 304 0
2025-09-08 18:28:54,882 - INFO - basehttp - "GET /static/fontawesome-free-7.0.0-web/css/all.min.css HTTP/1.1" 304 0
2025-09-08 18:28:54,884 - WARNING - log - Not Found: /static/css/dist/style.css
2025-09-08 18:28:54,886 - WARNING - basehttp - "GET /static/css/dist/style.css HTTP/1.1" 404 179
2025-09-08 18:28:54,890 - INFO - basehttp - "GET /static/js/bootstrap.bundle.min.js HTTP/1.1" 304 0
2025-09-08 18:28:54,925 - INFO - basehttp - "GET /static/fontawesome-free-7.0.0-web/webfonts/fa-solid-900.woff2 HTTP/1.1" 304 0
2025-09-08 18:28:58,645 - INFO - basehttp - "GET /structures/imprimer/1/ HTTP/1.1" 200 3381
2025-09-08 18:29:05,662 - INFO - basehttp - "GET /structures/imprimer/ HTTP/1.1" 200 3191
2025-09-08 18:29:26,718 - INFO - autoreload - D:\Projet\AJCA\SGDA_project\referentiel\structure\vew_impression.py changed, reloading.
2025-09-08 18:29:29,245 - INFO - autoreload - Watching for file changes with StatReloader
2025-09-08 18:29:37,792 - INFO - basehttp - "GET /structures/imprimer/ HTTP/1.1" 200 3191
2025-09-08 18:29:58,597 - INFO - autoreload - D:\Projet\AJCA\SGDA_project\referentiel\structure\vew_impression.py changed, reloading.
2025-09-08 18:30:02,144 - INFO - autoreload - Watching for file changes with StatReloader
2025-09-08 18:30:14,215 - INFO - autoreload - D:\Projet\AJCA\SGDA_project\referentiel\structure\vew_impression.py changed, reloading.
2025-09-08 18:30:16,089 - INFO - autoreload - Watching for file changes with StatReloader
2025-09-08 18:30:28,228 - INFO - basehttp - "GET /structures/ HTTP/1.1" 200 14155
2025-09-08 18:30:28,291 - INFO - basehttp - "GET /static/css/bootstrap.min.css HTTP/1.1" 304 0
2025-09-08 18:30:28,307 - WARNING - log - Not Found: /static/css/dist/style.css
2025-09-08 18:30:28,310 - WARNING - basehttp - "GET /static/css/dist/style.css HTTP/1.1" 404 179
2025-09-08 18:30:28,312 - INFO - basehttp - "GET /static/css/styles.css HTTP/1.1" 304 0
2025-09-08 18:30:28,317 - INFO - basehttp - "GET /static/fontawesome-free-7.0.0-web/css/all.min.css HTTP/1.1" 304 0
2025-09-08 18:30:28,338 - INFO - basehttp - "GET /static/js/bootstrap.bundle.min.js HTTP/1.1" 304 0
2025-09-08 18:30:28,366 - INFO - basehttp - "GET /static/fontawesome-free-7.0.0-web/webfonts/fa-solid-900.woff2 HTTP/1.1" 304 0
2025-09-08 18:30:30,019 - INFO - basehttp - "GET /structures/imprimer/ HTTP/1.1" 200 3197
2025-09-08 18:30:51,130 - INFO - autoreload - D:\Projet\AJCA\SGDA_project\referentiel\structure\vew_impression.py changed, reloading.
2025-09-08 18:30:53,162 - INFO - autoreload - Watching for file changes with StatReloader
2025-09-08 18:31:02,165 - INFO - basehttp - "GET /structures/imprimer/ HTTP/1.1" 200 3198
2025-09-08 18:31:23,549 - INFO - autoreload - D:\Projet\AJCA\SGDA_project\referentiel\structure\vew_impression.py changed, reloading.
2025-09-08 18:31:25,178 - INFO - autoreload - Watching for file changes with StatReloader
2025-09-08 18:31:34,096 - INFO - basehttp - "GET /structures/imprimer/ HTTP/1.1" 200 3199
2025-09-08 18:31:45,546 - INFO - autoreload - D:\Projet\AJCA\SGDA_project\referentiel\structure\vew_impression.py changed, reloading.
2025-09-08 18:31:47,590 - INFO - autoreload - Watching for file changes with StatReloader
2025-09-08 18:31:59,667 - INFO - basehttp - "GET /structures/imprimer/ HTTP/1.1" 200 3198
2025-09-08 18:32:38,765 - INFO - basehttp - "GET /structures/ HTTP/1.1" 200 14155
2025-09-08 18:32:38,833 - INFO - basehttp - "GET /static/css/bootstrap.min.css HTTP/1.1" 304 0
2025-09-08 18:32:38,841 - INFO - basehttp - "GET /static/css/styles.css HTTP/1.1" 304 0
2025-09-08 18:32:38,852 - INFO - basehttp - "GET /static/fontawesome-free-7.0.0-web/css/all.min.css HTTP/1.1" 304 0
2025-09-08 18:32:38,853 - INFO - basehttp - "GET /static/js/bootstrap.bundle.min.js HTTP/1.1" 304 0
2025-09-08 18:32:38,858 - WARNING - log - Not Found: /static/css/dist/style.css
2025-09-08 18:32:38,859 - WARNING - basehttp - "GET /static/css/dist/style.css HTTP/1.1" 404 179
2025-09-08 18:32:38,888 - INFO - basehttp - "GET /static/fontawesome-free-7.0.0-web/webfonts/fa-solid-900.woff2 HTTP/1.1" 304 0
2025-09-08 18:32:40,156 - INFO - basehttp - "GET /structures/rechercher/ HTTP/1.1" 200 14207
2025-09-08 18:32:40,228 - WARNING - log - Not Found: /static/css/dist/style.css
2025-09-08 18:32:40,229 - WARNING - basehttp - "GET /static/css/dist/style.css HTTP/1.1" 404 179
2025-09-08 18:32:41,965 - INFO - basehttp - "GET /structures/imprimer/ HTTP/1.1" 200 3198
2025-09-08 18:32:52,174 - INFO - basehttp - "GET /fonctions/ HTTP/1.1" 200 17017
2025-09-08 18:32:52,232 - WARNING - log - Not Found: /static/css/dist/style.css
2025-09-08 18:32:52,233 - WARNING - basehttp - "GET /static/css/dist/style.css HTTP/1.1" 404 179
2025-09-08 18:32:54,194 - INFO - basehttp - "GET /fonctions/imprimer/ HTTP/1.1" 200 3084
2025-09-08 18:33:04,690 - INFO - basehttp - "GET /fonctions/modifier/1/ HTTP/1.1" 200 13587
2025-09-08 18:33:04,758 - WARNING - log - Not Found: /static/css/dist/style.css
2025-09-08 18:33:04,759 - WARNING - basehttp - "GET /static/css/dist/style.css HTTP/1.1" 404 179
2025-09-08 18:33:08,250 - INFO - basehttp - "POST /fonctions/modifier/1/ HTTP/1.1" 302 0
2025-09-08 18:33:08,292 - INFO - basehttp - "GET /fonctions/ HTTP/1.1" 200 17017
2025-09-08 18:33:08,349 - WARNING - log - Not Found: /static/css/dist/style.css
2025-09-08 18:33:08,350 - WARNING - basehttp - "GET /static/css/dist/style.css HTTP/1.1" 404 179
2025-09-08 18:33:10,769 - INFO - basehttp - "GET /referentiel/ HTTP/1.1" 200 16325
2025-09-08 18:33:10,829 - WARNING - log - Not Found: /static/css/dist/style.css
2025-09-08 18:33:10,830 - WARNING - basehttp - "GET /static/css/dist/style.css HTTP/1.1" 404 179
2025-09-08 18:43:28,776 - INFO - autoreload - Watching for file changes with StatReloader
2025-09-08 18:43:39,511 - INFO - basehttp - "GET / HTTP/1.1" 200 18584
2025-09-08 18:43:39,572 - INFO - basehttp - "GET /static/css/bootstrap.min.css HTTP/1.1" 304 0
2025-09-08 18:43:39,578 - INFO - basehttp - "GET /static/js/bootstrap.bundle.min.js HTTP/1.1" 304 0
2025-09-08 18:43:39,595 - INFO - basehttp - "GET /static/fontawesome-free-7.0.0-web/css/all.min.css HTTP/1.1" 304 0
2025-09-08 18:43:39,602 - INFO - basehttp - "GET /static/css/styles.css HTTP/1.1" 304 0
2025-09-08 18:43:39,628 - WARNING - log - Not Found: /static/fontawesome/css/all.min.css
2025-09-08 18:43:39,629 - WARNING - log - Not Found: /static/css/dist/style.css
2025-09-08 18:43:39,631 - WARNING - basehttp - "GET /static/fontawesome/css/all.min.css HTTP/1.1" 404 179
2025-09-08 18:43:39,632 - WARNING - basehttp - "GET /static/css/dist/style.css HTTP/1.1" 404 179
2025-09-08 18:43:39,644 - WARNING - log - Not Found: /static/js/chart.min.js
2025-09-08 18:43:39,645 - WARNING - basehttp - "GET /static/js/chart.min.js HTTP/1.1" 404 179
2025-09-08 18:43:39,872 - INFO - basehttp - "GET /static/fontawesome-free-7.0.0-web/webfonts/fa-solid-900.woff2 HTTP/1.1" 304 0
2025-09-08 18:43:46,505 - INFO - basehttp - "GET /compte/logout/ HTTP/1.1" 302 0
2025-09-08 18:43:46,585 - INFO - basehttp - "GET /compte/login/ HTTP/1.1" 200 14502
2025-09-08 18:43:46,637 - INFO - basehttp - "GET /static/css/dist/style.css HTTP/1.1" 302 0
2025-09-08 18:43:46,661 - INFO - basehttp - "GET /compte/login/ HTTP/1.1" 200 14502
2025-09-08 18:43:57,769 - INFO - basehttp - "POST /compte/login/ HTTP/1.1" 200 14605
2025-09-08 18:43:57,819 - INFO - basehttp - "GET /static/css/dist/style.css HTTP/1.1" 302 0
2025-09-08 18:43:57,850 - INFO - basehttp - "GET /compte/login/ HTTP/1.1" 200 14502
2025-09-08 18:44:10,923 - INFO - basehttp - "POST /compte/login/ HTTP/1.1" 200 14605
2025-09-08 18:44:10,974 - INFO - basehttp - "GET /static/css/dist/style.css HTTP/1.1" 302 0
2025-09-08 18:44:11,005 - INFO - basehttp - "GET /compte/login/ HTTP/1.1" 200 14502
2025-09-08 18:44:31,082 - INFO - basehttp - "POST /compte/login/ HTTP/1.1" 302 0
2025-09-08 18:44:31,165 - INFO - basehttp - "GET /Gestion_adherent/ HTTP/1.1" 200 23719
2025-09-08 18:44:31,241 - WARNING - log - Not Found: /static/css/dist/style.css
2025-09-08 18:44:31,242 - WARNING - basehttp - "GET /static/css/dist/style.css HTTP/1.1" 404 179
2025-09-08 18:44:46,569 - INFO - basehttp - "GET /unites/ HTTP/1.1" 200 14729
2025-09-08 18:44:46,612 - INFO - basehttp - "GET /static/css/bootstrap.min.css HTTP/1.1" 304 0
2025-09-08 18:44:46,621 - INFO - basehttp - "GET /static/css/styles.css HTTP/1.1" 304 0
2025-09-08 18:44:46,621 - INFO - basehttp - "GET /static/js/bootstrap.bundle.min.js HTTP/1.1" 304 0
2025-09-08 18:44:46,621 - INFO - basehttp - "GET /static/fontawesome-free-7.0.0-web/css/all.min.css HTTP/1.1" 304 0
2025-09-08 18:44:46,630 - WARNING - log - Not Found: /static/css/dist/style.css
2025-09-08 18:44:46,631 - WARNING - basehttp - "GET /static/css/dist/style.css HTTP/1.1" 404 179
2025-09-08 18:44:46,674 - INFO - basehttp - "GET /static/fontawesome-free-7.0.0-web/webfonts/fa-solid-900.woff2 HTTP/1.1" 304 0
2025-09-08 18:44:51,710 - INFO - basehttp - "GET /fonctions/ HTTP/1.1" 200 17019
2025-09-08 18:44:51,765 - WARNING - log - Not Found: /static/css/dist/style.css
2025-09-08 18:44:51,766 - WARNING - basehttp - "GET /static/css/dist/style.css HTTP/1.1" 404 179
2025-09-08 18:44:55,098 - INFO - basehttp - "GET /fonctions/imprimer/ HTTP/1.1" 200 3084
2025-09-08 18:45:00,289 - INFO - basehttp - "GET /fonctions/imprimer_hierarchique%20/ HTTP/1.1" 200 2000
2025-09-09 23:34:28,857 - INFO - autoreload - Watching for file changes with StatReloader
2025-09-09 23:34:41,442 - INFO - basehttp - "GET / HTTP/1.1" 200 18586
2025-09-09 23:34:41,545 - WARNING - log - Not Found: /static/css/dist/style.css
2025-09-09 23:34:41,547 - WARNING - basehttp - "GET /static/css/dist/style.css HTTP/1.1" 404 179
2025-09-09 23:34:41,555 - WARNING - log - Not Found: /static/fontawesome/css/all.min.css
2025-09-09 23:34:41,556 - WARNING - basehttp - "GET /static/fontawesome/css/all.min.css HTTP/1.1" 404 179
2025-09-09 23:34:41,559 - INFO - basehttp - "GET /static/css/bootstrap.min.css HTTP/1.1" 200 155845
2025-09-09 23:34:41,571 - INFO - basehttp - "GET /static/fontawesome-free-7.0.0-web/css/all.min.css HTTP/1.1" 200 74185
2025-09-09 23:34:41,575 - INFO - basehttp - "GET /static/css/styles.css HTTP/1.1" 200 7304
2025-09-09 23:34:41,600 - WARNING - log - Not Found: /static/js/chart.min.js
2025-09-09 23:34:41,601 - WARNING - basehttp - "GET /static/js/chart.min.js HTTP/1.1" 404 179
2025-09-09 23:34:41,665 - INFO - basehttp - "GET /static/js/bootstrap.bundle.min.js HTTP/1.1" 200 78743
2025-09-09 23:34:41,859 - INFO - basehttp - "GET /static/fontawesome-free-7.0.0-web/webfonts/fa-solid-900.woff2 HTTP/1.1" 200 113108
2025-09-09 23:34:41,966 - WARNING - log - Not Found: /favicon.ico
2025-09-09 23:34:41,968 - WARNING - basehttp - "GET /favicon.ico HTTP/1.1" 404 179
2025-09-09 23:34:54,535 - INFO - basehttp - "GET /adherent/ HTTP/1.1" 200 43523
2025-09-09 23:34:54,593 - WARNING - log - Not Found: /static/css/dist/style.css
2025-09-09 23:34:54,594 - WARNING - basehttp - "GET /static/css/dist/style.css HTTP/1.1" 404 179
2025-09-09 23:34:54,741 - INFO - basehttp - "GET /static/fontawesome-free-7.0.0-web/webfonts/fa-brands-400.woff2 HTTP/1.1" 200 101088
2025-09-09 23:35:06,096 - INFO - basehttp - "GET /adherent/imprimer-liste/ HTTP/1.1" 200 88247
2025-09-09 23:41:52,472 - INFO - basehttp - "GET /cotisation/ HTTP/1.1" 200 27127
2025-09-09 23:41:52,529 - INFO - basehttp - "GET /static/css/bootstrap.min.css HTTP/1.1" 304 0
2025-09-09 23:41:52,539 - INFO - basehttp - "GET /static/css/styles.css HTTP/1.1" 304 0
2025-09-09 23:41:52,549 - WARNING - log - Not Found: /static/css/dist/style.css
2025-09-09 23:41:52,552 - WARNING - basehttp - "GET /static/css/dist/style.css HTTP/1.1" 404 179
2025-09-09 23:41:52,552 - INFO - basehttp - "GET /static/fontawesome-free-7.0.0-web/css/all.min.css HTTP/1.1" 304 0
2025-09-09 23:41:52,553 - INFO - basehttp - "GET /static/js/bootstrap.bundle.min.js HTTP/1.1" 304 0
2025-09-09 23:41:52,622 - INFO - basehttp - "GET /static/fontawesome-free-7.0.0-web/webfonts/fa-solid-900.woff2 HTTP/1.1" 304 0
2025-09-09 23:42:06,369 - INFO - basehttp - "GET /cotisation/print-list/ HTTP/1.1" 200 66709
2025-09-09 23:43:27,451 - INFO - basehttp - "GET /prise-en-charge-adherent/ HTTP/1.1" 200 27579
2025-09-09 23:43:27,519 - INFO - basehttp - "GET /static/css/styles.css HTTP/1.1" 304 0
2025-09-09 23:43:27,519 - INFO - basehttp - "GET /static/css/bootstrap.min.css HTTP/1.1" 304 0
2025-09-09 23:43:27,520 - INFO - basehttp - "GET /static/js/bootstrap.bundle.min.js HTTP/1.1" 304 0
2025-09-09 23:43:27,520 - INFO - basehttp - "GET /static/fontawesome-free-7.0.0-web/css/all.min.css HTTP/1.1" 304 0
2025-09-09 23:43:27,533 - WARNING - log - Not Found: /static/css/dist/style.css
2025-09-09 23:43:27,534 - WARNING - basehttp - "GET /static/css/dist/style.css HTTP/1.1" 404 179
2025-09-09 23:43:27,603 - INFO - basehttp - "GET /static/fontawesome-free-7.0.0-web/webfonts/fa-solid-900.woff2 HTTP/1.1" 304 0
2025-09-09 23:43:32,037 - INFO - basehttp - "GET /prise-en-charge-adherent/create/ HTTP/1.1" 200 71098
2025-09-09 23:43:32,111 - WARNING - log - Not Found: /static/css/dist/style.css
2025-09-09 23:43:32,112 - WARNING - basehttp - "GET /static/css/dist/style.css HTTP/1.1" 404 179
2025-09-09 23:44:18,160 - INFO - basehttp - "GET /prise-en-charge-adherent/ HTTP/1.1" 200 27579
2025-09-09 23:44:18,220 - WARNING - log - Not Found: /static/css/dist/style.css
2025-09-09 23:44:18,221 - WARNING - basehttp - "GET /static/css/dist/style.css HTTP/1.1" 404 179
2025-09-09 23:44:35,469 - INFO - basehttp - - Broken pipe from ('127.0.0.1', 52798)
2025-09-09 23:44:40,370 - INFO - basehttp - "GET /Gestion_adherent/statistique_adherent/ HTTP/1.1" 200 1046004
2025-09-09 23:44:40,425 - INFO - basehttp - "GET /static/css/bootstrap.min.css HTTP/1.1" 304 0
2025-09-09 23:44:40,430 - INFO - basehttp - "GET /static/css/styles.css HTTP/1.1" 304 0
2025-09-09 23:44:40,442 - WARNING - log - Not Found: /static/css/dist/style.css
2025-09-09 23:44:40,444 - INFO - basehttp - "GET /static/fontawesome-free-7.0.0-web/css/all.min.css HTTP/1.1" 304 0
2025-09-09 23:44:40,444 - WARNING - basehttp - "GET /static/css/dist/style.css HTTP/1.1" 404 179
2025-09-09 23:44:40,525 - INFO - basehttp - "GET /static/js/bootstrap.bundle.min.js HTTP/1.1" 304 0
2025-09-09 23:44:40,988 - INFO - basehttp - "GET /static/fontawesome-free-7.0.0-web/webfonts/fa-solid-900.woff2 HTTP/1.1" 304 0
2025-09-09 23:46:53,528 - INFO - basehttp - "GET /Gestion_adherent/ HTTP/1.1" 200 23719
2025-09-09 23:46:53,584 - INFO - basehttp - "GET /static/css/bootstrap.min.css HTTP/1.1" 304 0
2025-09-09 23:46:53,597 - WARNING - log - Not Found: /static/css/dist/style.css
2025-09-09 23:46:53,601 - WARNING - basehttp - "GET /static/css/dist/style.css HTTP/1.1" 404 179
2025-09-09 23:46:53,602 - INFO - basehttp - "GET /static/css/styles.css HTTP/1.1" 304 0
2025-09-09 23:46:53,603 - INFO - basehttp - "GET /static/fontawesome-free-7.0.0-web/css/all.min.css HTTP/1.1" 304 0
2025-09-09 23:46:53,606 - INFO - basehttp - "GET /static/js/bootstrap.bundle.min.js HTTP/1.1" 304 0
2025-09-09 23:46:53,656 - INFO - basehttp - "GET /static/fontawesome-free-7.0.0-web/webfonts/fa-solid-900.woff2 HTTP/1.1" 304 0
2025-09-09 23:46:55,442 - INFO - basehttp - "GET /compte/logout/ HTTP/1.1" 302 0
2025-09-09 23:46:55,506 - INFO - basehttp - "GET /compte/login/ HTTP/1.1" 200 14502
2025-09-09 23:46:55,560 - INFO - basehttp - "GET /static/css/dist/style.css HTTP/1.1" 302 0
2025-09-09 23:46:55,593 - INFO - basehttp - "GET /compte/login/ HTTP/1.1" 200 14502
2025-09-09 23:47:12,000 - INFO - basehttp - "POST /compte/login/ HTTP/1.1" 302 0
2025-09-09 23:47:12,024 - INFO - basehttp - "GET / HTTP/1.1" 200 18584
2025-09-09 23:47:12,079 - WARNING - log - Not Found: /static/css/dist/style.css
2025-09-09 23:47:12,080 - WARNING - basehttp - "GET /static/css/dist/style.css HTTP/1.1" 404 179
2025-09-09 23:47:12,099 - WARNING - log - Not Found: /static/fontawesome/css/all.min.css
2025-09-09 23:47:12,102 - WARNING - basehttp - "GET /static/fontawesome/css/all.min.css HTTP/1.1" 404 179
2025-09-09 23:47:12,105 - WARNING - log - Not Found: /static/js/chart.min.js
2025-09-09 23:47:12,106 - WARNING - basehttp - "GET /static/js/chart.min.js HTTP/1.1" 404 179
2025-09-09 23:47:16,411 - INFO - basehttp - "GET /employes/ HTTP/1.1" 200 41274
2025-09-09 23:47:16,473 - WARNING - log - Not Found: /static/css/dist/style.css
2025-09-09 23:47:16,474 - WARNING - basehttp - "GET /static/css/dist/style.css HTTP/1.1" 404 179
2025-09-09 23:47:16,545 - INFO - basehttp - "GET /static/fontawesome-free-7.0.0-web/webfonts/fa-brands-400.woff2 HTTP/1.1" 304 0
2025-09-09 23:54:29,574 - INFO - autoreload - D:\Projet\AJCA\SGDA_project\Gestion_adherent\urls.py changed, reloading.
2025-09-09 23:54:31,845 - INFO - autoreload - Watching for file changes with StatReloader
2025-09-09 23:54:47,935 - INFO - autoreload - D:\Projet\AJCA\SGDA_project\Gestion_adherent\urls.py changed, reloading.
2025-09-09 23:54:50,143 - INFO - autoreload - Watching for file changes with StatReloader
2025-09-09 23:54:58,733 - INFO - autoreload - D:\Projet\AJCA\SGDA_project\Gestion_adherent\urls.py changed, reloading.
2025-09-09 23:55:00,898 - INFO - autoreload - Watching for file changes with StatReloader
2025-09-09 23:55:22,181 - INFO - autoreload - D:\Projet\AJCA\SGDA_project\Gestion_adherent\view_teste.py changed, reloading.
2025-09-09 23:55:23,879 - INFO - autoreload - Watching for file changes with StatReloader
2025-09-09 23:55:36,318 - INFO - autoreload - D:\Projet\AJCA\SGDA_project\Gestion_adherent\urls.py changed, reloading.
2025-09-09 23:55:37,980 - INFO - autoreload - Watching for file changes with StatReloader
2025-09-09 23:56:25,067 - INFO - basehttp - "GET /Gestion_personnel/ HTTP/1.1" 200 17356
2025-09-09 23:56:25,115 - INFO - basehttp - "GET /static/css/bootstrap.min.css HTTP/1.1" 304 0
2025-09-09 23:56:25,133 - INFO - basehttp - "GET /static/css/styles.css HTTP/1.1" 304 0
2025-09-09 23:56:25,137 - INFO - basehttp - "GET /static/fontawesome-free-7.0.0-web/css/all.min.css HTTP/1.1" 304 0
2025-09-09 23:56:25,146 - INFO - basehttp - "GET /static/js/bootstrap.bundle.min.js HTTP/1.1" 304 0
2025-09-09 23:56:25,151 - WARNING - log - Not Found: /static/css/dist/style.css
2025-09-09 23:56:25,152 - WARNING - basehttp - "GET /static/css/dist/style.css HTTP/1.1" 404 179
2025-09-09 23:56:25,181 - INFO - basehttp - "GET /static/fontawesome-free-7.0.0-web/webfonts/fa-solid-900.woff2 HTTP/1.1" 304 0
2025-09-09 23:56:26,756 - INFO - basehttp - "GET /compte/logout/ HTTP/1.1" 302 0
2025-09-09 23:56:26,790 - INFO - basehttp - "GET /compte/login/ HTTP/1.1" 200 14502
2025-09-09 23:56:26,831 - INFO - basehttp - "GET /static/css/dist/style.css HTTP/1.1" 302 0
2025-09-09 23:56:26,864 - INFO - basehttp - "GET /compte/login/ HTTP/1.1" 200 14502
2025-09-09 23:56:37,214 - INFO - basehttp - "POST /compte/login/ HTTP/1.1" 200 14605
2025-09-09 23:56:37,274 - INFO - basehttp - "GET /static/css/dist/style.css HTTP/1.1" 302 0
2025-09-09 23:56:37,300 - INFO - basehttp - "GET /compte/login/ HTTP/1.1" 200 14502
2025-09-09 23:56:50,307 - INFO - basehttp - "POST /compte/login/ HTTP/1.1" 302 0
2025-09-09 23:56:50,366 - INFO - basehttp - "GET /Gestion_adherent/ HTTP/1.1" 200 23719
2025-09-09 23:56:50,434 - WARNING - log - Not Found: /static/css/dist/style.css
2025-09-09 23:56:50,435 - WARNING - basehttp - "GET /static/css/dist/style.css HTTP/1.1" 404 179
2025-09-09 23:57:32,463 - WARNING - log - Not Found: /Gestion_adherent:upload/
2025-09-09 23:57:32,464 - WARNING - basehttp - "GET /Gestion_adherent:upload/ HTTP/1.1" 404 179
2025-09-09 23:57:49,404 - INFO - basehttp - "GET /adherent/ HTTP/1.1" 200 43523
2025-09-09 23:57:49,456 - INFO - basehttp - "GET /static/css/bootstrap.min.css HTTP/1.1" 304 0
2025-09-09 23:57:49,462 - INFO - basehttp - "GET /static/fontawesome-free-7.0.0-web/css/all.min.css HTTP/1.1" 304 0
2025-09-09 23:57:49,462 - INFO - basehttp - "GET /static/css/styles.css HTTP/1.1" 304 0
2025-09-09 23:57:49,473 - INFO - basehttp - "GET /static/js/bootstrap.bundle.min.js HTTP/1.1" 304 0
2025-09-09 23:57:49,476 - WARNING - log - Not Found: /static/css/dist/style.css
2025-09-09 23:57:49,476 - WARNING - basehttp - "GET /static/css/dist/style.css HTTP/1.1" 404 179
2025-09-09 23:57:49,544 - INFO - basehttp - "GET /static/fontawesome-free-7.0.0-web/webfonts/fa-solid-900.woff2 HTTP/1.1" 304 0
2025-09-09 23:57:49,550 - INFO - basehttp - "GET /static/fontawesome-free-7.0.0-web/webfonts/fa-brands-400.woff2 HTTP/1.1" 304 0
2025-09-09 23:58:10,682 - INFO - basehttp - "GET /Gestion_adherent/ HTTP/1.1" 200 23719
2025-09-09 23:58:10,744 - WARNING - log - Not Found: /static/css/dist/style.css
2025-09-09 23:58:10,745 - WARNING - basehttp - "GET /static/css/dist/style.css HTTP/1.1" 404 179
2025-09-09 23:58:52,245 - INFO - basehttp - "GET /Gestion_adherent/upload/ HTTP/1.1" 200 910
2025-09-10 00:01:07,603 - INFO - autoreload - D:\Projet\AJCA\SGDA_project\Gestion_adherent\view_teste.py changed, reloading.
2025-09-10 00:01:09,134 - INFO - autoreload - Watching for file changes with StatReloader
2025-09-10 00:01:32,757 - INFO - basehttp - "GET /Gestion_adherent/upload/ HTTP/1.1" 200 3481
2025-09-10 00:01:42,403 - INFO - basehttp - "POST /Gestion_adherent/upload/ HTTP/1.1" 200 106
2025-09-10 00:02:11,226 - INFO - basehttp - "POST /Gestion_adherent/upload/ HTTP/1.1" 200 72
2025-09-10 00:03:49,413 - INFO - autoreload - D:\Projet\AJCA\SGDA_project\Gestion_adherent\view_teste.py changed, reloading.
2025-09-10 00:03:51,102 - INFO - autoreload - Watching for file changes with StatReloader
2025-09-10 00:04:00,246 - INFO - basehttp - "GET /Gestion_adherent/upload/ HTTP/1.1" 200 3375
2025-09-10 00:04:06,914 - ERROR - log - Internal Server Error: /Gestion_adherent/upload/
Traceback (most recent call last):
  File "C:\Users\Romaric AKAYOA\AppData\Local\Programs\Python\Python310\lib\site-packages\django\core\handlers\exception.py", line 55, in inner
    response = get_response(request)
  File "C:\Users\Romaric AKAYOA\AppData\Local\Programs\Python\Python310\lib\site-packages\django\core\handlers\base.py", line 197, in _get_response
    response = wrapped_callback(request, *callback_args, **callback_kwargs)
  File "C:\Users\Romaric AKAYOA\AppData\Local\Programs\Python\Python310\lib\site-packages\django\views\decorators\csrf.py", line 56, in wrapper_view
    return view_func(*args, **kwargs)
  File "D:\Projet\AJCA\SGDA_project\Gestion_adherent\view_teste.py", line 20, in upload_files
    with open(f"uploads/{f.name}", "wb+") as destination:
FileNotFoundError: [Errno 2] No such file or directory: 'uploads/liste_adherents.pdf'
2025-09-10 00:04:06,944 - ERROR - basehttp - "POST /Gestion_adherent/upload/ HTTP/1.1" 500 145
2025-09-10 00:04:51,923 - ERROR - log - Internal Server Error: /Gestion_adherent/upload/
Traceback (most recent call last):
  File "C:\Users\Romaric AKAYOA\AppData\Local\Programs\Python\Python310\lib\site-packages\django\core\handlers\exception.py", line 55, in inner
    response = get_response(request)
  File "C:\Users\Romaric AKAYOA\AppData\Local\Programs\Python\Python310\lib\site-packages\django\core\handlers\base.py", line 197, in _get_response
    response = wrapped_callback(request, *callback_args, **callback_kwargs)
  File "C:\Users\Romaric AKAYOA\AppData\Local\Programs\Python\Python310\lib\site-packages\django\views\decorators\csrf.py", line 56, in wrapper_view
    return view_func(*args, **kwargs)
  File "D:\Projet\AJCA\SGDA_project\Gestion_adherent\view_teste.py", line 20, in upload_files
    with open(f"uploads/{f.name}", "wb+") as destination:
FileNotFoundError: [Errno 2] No such file or directory: 'uploads/Capture décran 2025-09-09 090616.jpg'
2025-09-10 00:04:51,926 - ERROR - basehttp - "POST /Gestion_adherent/upload/ HTTP/1.1" 500 145
2025-09-10 00:06:13,233 - INFO - autoreload - D:\Projet\AJCA\SGDA_project\Gestion_adherent\view_teste.py changed, reloading.
2025-09-10 00:06:15,374 - INFO - autoreload - Watching for file changes with StatReloader
2025-09-10 00:08:07,508 - INFO - autoreload - Watching for file changes with StatReloader
2025-09-10 00:08:19,905 - INFO - basehttp - "GET / HTTP/1.1" 200 18586
2025-09-10 00:08:19,967 - INFO - basehttp - "GET /static/css/bootstrap.min.css HTTP/1.1" 304 0
2025-09-10 00:08:19,996 - INFO - basehttp - "GET /static/css/styles.css HTTP/1.1" 304 0
2025-09-10 00:08:20,000 - INFO - basehttp - "GET /static/fontawesome-free-7.0.0-web/css/all.min.css HTTP/1.1" 304 0
2025-09-10 00:08:20,011 - WARNING - log - Not Found: /static/js/chart.min.js
2025-09-10 00:08:20,013 - INFO - basehttp - "GET /static/js/bootstrap.bundle.min.js HTTP/1.1" 304 0
2025-09-10 00:08:20,014 - WARNING - basehttp - "GET /static/js/chart.min.js HTTP/1.1" 404 179
2025-09-10 00:08:20,016 - WARNING - log - Not Found: /static/css/dist/style.css
2025-09-10 00:08:20,018 - WARNING - basehttp - "GET /static/css/dist/style.css HTTP/1.1" 404 179
2025-09-10 00:08:20,020 - WARNING - log - Not Found: /static/fontawesome/css/all.min.css
2025-09-10 00:08:20,021 - WARNING - basehttp - "GET /static/fontawesome/css/all.min.css HTTP/1.1" 404 179
2025-09-10 00:08:20,163 - INFO - basehttp - "GET /static/fontawesome-free-7.0.0-web/webfonts/fa-solid-900.woff2 HTTP/1.1" 304 0
2025-09-10 00:08:24,896 - INFO - basehttp - "GET /Gestion_adherent/upload/ HTTP/1.1" 200 3080
2025-09-10 00:08:31,800 - INFO - basehttp - "POST /Gestion_adherent/upload/ HTTP/1.1" 200 103
2025-09-10 00:10:17,229 - INFO - basehttp - "POST /Gestion_adherent/upload/ HTTP/1.1" 200 66734
2025-09-10 00:10:23,350 - INFO - basehttp - "GET /Gestion_adherent/upload/ HTTP/1.1" 200 3080
2025-09-10 00:10:29,040 - INFO - basehttp - "POST /Gestion_adherent/upload/ HTTP/1.1" 200 59420
2025-09-10 00:11:45,034 - INFO - basehttp - "GET /compte/logout/ HTTP/1.1" 302 0
2025-09-10 00:11:45,079 - INFO - basehttp - "GET /compte/login/ HTTP/1.1" 200 14502
2025-09-10 00:11:45,127 - INFO - basehttp - "GET /static/css/bootstrap.min.css HTTP/1.1" 304 0
2025-09-10 00:11:45,127 - INFO - basehttp - "GET /static/css/dist/style.css HTTP/1.1" 302 0
2025-09-10 00:11:45,133 - INFO - basehttp - "GET /static/css/styles.css HTTP/1.1" 304 0
2025-09-10 00:11:45,133 - INFO - basehttp - "GET /static/fontawesome-free-7.0.0-web/css/all.min.css HTTP/1.1" 304 0
2025-09-10 00:11:45,134 - INFO - basehttp - "GET /static/js/bootstrap.bundle.min.js HTTP/1.1" 304 0
2025-09-10 00:11:45,162 - INFO - basehttp - "GET /compte/login/ HTTP/1.1" 200 14502
2025-09-10 00:11:45,216 - INFO - basehttp - "GET /static/fontawesome-free-7.0.0-web/webfonts/fa-solid-900.woff2 HTTP/1.1" 304 0
2025-09-10 00:11:54,482 - INFO - basehttp - "POST /compte/login/ HTTP/1.1" 200 14602
2025-09-10 00:11:54,537 - INFO - basehttp - "GET /static/css/dist/style.css HTTP/1.1" 302 0
2025-09-10 00:11:54,564 - INFO - basehttp - "GET /compte/login/ HTTP/1.1" 200 14502
2025-09-10 00:12:22,032 - INFO - basehttp - "POST /compte/login/ HTTP/1.1" 200 14602
2025-09-10 00:12:22,078 - INFO - basehttp - "GET /static/css/dist/style.css HTTP/1.1" 302 0
2025-09-10 00:12:22,107 - INFO - basehttp - "GET /compte/login/ HTTP/1.1" 200 14502
2025-09-10 00:12:26,140 - INFO - basehttp - "POST /compte/login/ HTTP/1.1" 200 14602
2025-09-10 00:12:26,184 - INFO - basehttp - "GET /static/css/dist/style.css HTTP/1.1" 302 0
2025-09-10 00:12:26,206 - INFO - basehttp - "GET /compte/login/ HTTP/1.1" 200 14502
2025-09-10 00:12:38,292 - INFO - basehttp - "POST /compte/login/ HTTP/1.1" 302 0
2025-09-10 00:12:38,319 - INFO - basehttp - "GET / HTTP/1.1" 200 18584
2025-09-10 00:12:38,395 - WARNING - log - Not Found: /static/css/dist/style.css
2025-09-10 00:12:38,400 - WARNING - log - Not Found: /static/js/chart.min.js
2025-09-10 00:12:38,401 - WARNING - basehttp - "GET /static/js/chart.min.js HTTP/1.1" 404 179
2025-09-10 00:12:38,406 - WARNING - basehttp - "GET /static/css/dist/style.css HTTP/1.1" 404 179
2025-09-10 00:12:38,408 - WARNING - log - Not Found: /static/fontawesome/css/all.min.css
2025-09-10 00:12:38,409 - WARNING - basehttp - "GET /static/fontawesome/css/all.min.css HTTP/1.1" 404 179
2025-09-10 00:12:44,142 - INFO - basehttp - "GET /employes/ HTTP/1.1" 200 41274
2025-09-10 00:12:44,198 - WARNING - log - Not Found: /static/css/dist/style.css
2025-09-10 00:12:44,199 - WARNING - basehttp - "GET /static/css/dist/style.css HTTP/1.1" 404 179
2025-09-10 00:12:44,250 - INFO - basehttp - "GET /static/fontawesome-free-7.0.0-web/webfonts/fa-brands-400.woff2 HTTP/1.1" 304 0
2025-09-10 00:12:49,488 - INFO - basehttp - "GET /operation/ HTTP/1.1" 200 38941
2025-09-10 00:12:49,541 - INFO - basehttp - "GET /static/css/bootstrap.min.css HTTP/1.1" 304 0
2025-09-10 00:12:49,542 - INFO - basehttp - "GET /static/css/styles.css HTTP/1.1" 304 0
2025-09-10 00:12:49,543 - INFO - basehttp - "GET /static/js/bootstrap.bundle.min.js HTTP/1.1" 304 0
2025-09-10 00:12:49,543 - INFO - basehttp - "GET /static/fontawesome-free-7.0.0-web/css/all.min.css HTTP/1.1" 304 0
2025-09-10 00:12:49,555 - WARNING - log - Not Found: /static/css/dist/style.css
2025-09-10 00:12:49,556 - WARNING - basehttp - "GET /static/css/dist/style.css HTTP/1.1" 404 179
2025-09-10 00:12:56,469 - INFO - basehttp - "GET /operation/attestation-prise-service/402/ HTTP/1.1" 200 2961
2025-09-10 00:13:19,279 - INFO - basehttp - "POST /Gestion_adherent/upload/ HTTP/1.1" 200 1237
2025-09-10 00:15:28,341 - ERROR - log - Internal Server Error: /Gestion_adherent/upload/
Traceback (most recent call last):
  File "C:\Users\Romaric AKAYOA\AppData\Local\Programs\Python\Python310\lib\site-packages\django\template\base.py", line 505, in parse
    compile_func = self.tags[command]
KeyError: 'endblock'

During handling of the above exception, another exception occurred:

Traceback (most recent call last):
  File "C:\Users\Romaric AKAYOA\AppData\Local\Programs\Python\Python310\lib\site-packages\django\core\handlers\exception.py", line 55, in inner
    response = get_response(request)
  File "C:\Users\Romaric AKAYOA\AppData\Local\Programs\Python\Python310\lib\site-packages\django\core\handlers\base.py", line 197, in _get_response
    response = wrapped_callback(request, *callback_args, **callback_kwargs)
  File "C:\Users\Romaric AKAYOA\AppData\Local\Programs\Python\Python310\lib\site-packages\django\views\decorators\csrf.py", line 56, in wrapper_view
    return view_func(*args, **kwargs)
  File "D:\Projet\AJCA\SGDA_project\Gestion_adherent\view_teste.py", line 41, in upload_files
    return render(request, "Gestion_adherent/upload.html")
  File "C:\Users\Romaric AKAYOA\AppData\Local\Programs\Python\Python310\lib\site-packages\django\shortcuts.py", line 24, in render
    content = loader.render_to_string(template_name, context, request, using=using)
  File "C:\Users\Romaric AKAYOA\AppData\Local\Programs\Python\Python310\lib\site-packages\django\template\loader.py", line 61, in render_to_string
    template = get_template(template_name, using=using)
  File "C:\Users\Romaric AKAYOA\AppData\Local\Programs\Python\Python310\lib\site-packages\django\template\loader.py", line 15, in get_template
    return engine.get_template(template_name)
  File "C:\Users\Romaric AKAYOA\AppData\Local\Programs\Python\Python310\lib\site-packages\django\template\backends\django.py", line 33, in get_template
    return Template(self.engine.get_template(template_name), self)
  File "C:\Users\Romaric AKAYOA\AppData\Local\Programs\Python\Python310\lib\site-packages\django\template\engine.py", line 175, in get_template
    template, origin = self.find_template(template_name)
  File "C:\Users\Romaric AKAYOA\AppData\Local\Programs\Python\Python310\lib\site-packages\django\template\engine.py", line 157, in find_template
    template = loader.get_template(name, skip=skip)
  File "C:\Users\Romaric AKAYOA\AppData\Local\Programs\Python\Python310\lib\site-packages\django\template\loaders\cached.py", line 57, in get_template
    template = super().get_template(template_name, skip)
  File "C:\Users\Romaric AKAYOA\AppData\Local\Programs\Python\Python310\lib\site-packages\django\template\loaders\base.py", line 28, in get_template
    return Template(
  File "C:\Users\Romaric AKAYOA\AppData\Local\Programs\Python\Python310\lib\site-packages\django\template\base.py", line 154, in __init__
    self.nodelist = self.compile_nodelist()
  File "C:\Users\Romaric AKAYOA\AppData\Local\Programs\Python\Python310\lib\site-packages\django\template\base.py", line 200, in compile_nodelist
    return parser.parse()
  File "C:\Users\Romaric AKAYOA\AppData\Local\Programs\Python\Python310\lib\site-packages\django\template\base.py", line 513, in parse
    raise self.error(token, e)
  File "C:\Users\Romaric AKAYOA\AppData\Local\Programs\Python\Python310\lib\site-packages\django\template\base.py", line 511, in parse
    compiled_result = compile_func(self, token)
  File "C:\Users\Romaric AKAYOA\AppData\Local\Programs\Python\Python310\lib\site-packages\django\template\loader_tags.py", line 293, in do_extends
    nodelist = parser.parse()
  File "C:\Users\Romaric AKAYOA\AppData\Local\Programs\Python\Python310\lib\site-packages\django\template\base.py", line 507, in parse
    self.invalid_block_tag(token, command, parse_until)
  File "C:\Users\Romaric AKAYOA\AppData\Local\Programs\Python\Python310\lib\site-packages\django\template\base.py", line 568, in invalid_block_tag
    raise self.error(
django.template.exceptions.TemplateSyntaxError: Invalid block tag on line 88: 'endblock'. Did you forget to register or load this tag?
2025-09-10 00:15:28,480 - ERROR - basehttp - "GET /Gestion_adherent/upload/ HTTP/1.1" 500 145
2025-09-10 00:15:32,479 - ERROR - log - Internal Server Error: /Gestion_adherent/upload/
Traceback (most recent call last):
  File "C:\Users\Romaric AKAYOA\AppData\Local\Programs\Python\Python310\lib\site-packages\django\template\base.py", line 505, in parse
    compile_func = self.tags[command]
KeyError: 'endblock'

During handling of the above exception, another exception occurred:

Traceback (most recent call last):
  File "C:\Users\Romaric AKAYOA\AppData\Local\Programs\Python\Python310\lib\site-packages\django\core\handlers\exception.py", line 55, in inner
    response = get_response(request)
  File "C:\Users\Romaric AKAYOA\AppData\Local\Programs\Python\Python310\lib\site-packages\django\core\handlers\base.py", line 197, in _get_response
    response = wrapped_callback(request, *callback_args, **callback_kwargs)
  File "C:\Users\Romaric AKAYOA\AppData\Local\Programs\Python\Python310\lib\site-packages\django\views\decorators\csrf.py", line 56, in wrapper_view
    return view_func(*args, **kwargs)
  File "D:\Projet\AJCA\SGDA_project\Gestion_adherent\view_teste.py", line 41, in upload_files
    return render(request, "Gestion_adherent/upload.html")
  File "C:\Users\Romaric AKAYOA\AppData\Local\Programs\Python\Python310\lib\site-packages\django\shortcuts.py", line 24, in render
    content = loader.render_to_string(template_name, context, request, using=using)
  File "C:\Users\Romaric AKAYOA\AppData\Local\Programs\Python\Python310\lib\site-packages\django\template\loader.py", line 61, in render_to_string
    template = get_template(template_name, using=using)
  File "C:\Users\Romaric AKAYOA\AppData\Local\Programs\Python\Python310\lib\site-packages\django\template\loader.py", line 15, in get_template
    return engine.get_template(template_name)
  File "C:\Users\Romaric AKAYOA\AppData\Local\Programs\Python\Python310\lib\site-packages\django\template\backends\django.py", line 33, in get_template
    return Template(self.engine.get_template(template_name), self)
  File "C:\Users\Romaric AKAYOA\AppData\Local\Programs\Python\Python310\lib\site-packages\django\template\engine.py", line 175, in get_template
    template, origin = self.find_template(template_name)
  File "C:\Users\Romaric AKAYOA\AppData\Local\Programs\Python\Python310\lib\site-packages\django\template\engine.py", line 157, in find_template
    template = loader.get_template(name, skip=skip)
  File "C:\Users\Romaric AKAYOA\AppData\Local\Programs\Python\Python310\lib\site-packages\django\template\loaders\cached.py", line 57, in get_template
    template = super().get_template(template_name, skip)
  File "C:\Users\Romaric AKAYOA\AppData\Local\Programs\Python\Python310\lib\site-packages\django\template\loaders\base.py", line 28, in get_template
    return Template(
  File "C:\Users\Romaric AKAYOA\AppData\Local\Programs\Python\Python310\lib\site-packages\django\template\base.py", line 154, in __init__
    self.nodelist = self.compile_nodelist()
  File "C:\Users\Romaric AKAYOA\AppData\Local\Programs\Python\Python310\lib\site-packages\django\template\base.py", line 200, in compile_nodelist
    return parser.parse()
  File "C:\Users\Romaric AKAYOA\AppData\Local\Programs\Python\Python310\lib\site-packages\django\template\base.py", line 513, in parse
    raise self.error(token, e)
  File "C:\Users\Romaric AKAYOA\AppData\Local\Programs\Python\Python310\lib\site-packages\django\template\base.py", line 511, in parse
    compiled_result = compile_func(self, token)
  File "C:\Users\Romaric AKAYOA\AppData\Local\Programs\Python\Python310\lib\site-packages\django\template\loader_tags.py", line 293, in do_extends
    nodelist = parser.parse()
  File "C:\Users\Romaric AKAYOA\AppData\Local\Programs\Python\Python310\lib\site-packages\django\template\base.py", line 507, in parse
    self.invalid_block_tag(token, command, parse_until)
  File "C:\Users\Romaric AKAYOA\AppData\Local\Programs\Python\Python310\lib\site-packages\django\template\base.py", line 568, in invalid_block_tag
    raise self.error(
django.template.exceptions.TemplateSyntaxError: Invalid block tag on line 88: 'endblock'. Did you forget to register or load this tag?
2025-09-10 00:15:32,482 - ERROR - basehttp - "GET /Gestion_adherent/upload/ HTTP/1.1" 500 145
2025-09-10 00:16:44,412 - INFO - basehttp - "GET /Gestion_adherent/upload/ HTTP/1.1" 200 16839
2025-09-10 00:16:44,475 - INFO - basehttp - "GET /static/css/bootstrap.min.css HTTP/1.1" 304 0
2025-09-10 00:16:44,489 - INFO - basehttp - "GET /static/css/styles.css HTTP/1.1" 304 0
2025-09-10 00:16:44,495 - WARNING - log - Not Found: /static/css/dist/style.css
2025-09-10 00:16:44,497 - INFO - basehttp - "GET /static/fontawesome-free-7.0.0-web/css/all.min.css HTTP/1.1" 304 0
2025-09-10 00:16:44,498 - WARNING - basehttp - "GET /static/css/dist/style.css HTTP/1.1" 404 179
2025-09-10 00:16:44,500 - INFO - basehttp - "GET /static/js/bootstrap.bundle.min.js HTTP/1.1" 304 0
2025-09-10 00:16:44,630 - INFO - basehttp - "GET /static/fontawesome-free-7.0.0-web/webfonts/fa-solid-900.woff2 HTTP/1.1" 304 0
2025-09-10 00:19:03,314 - ERROR - log - Internal Server Error: /Gestion_adherent/upload/
Traceback (most recent call last):
  File "C:\Users\Romaric AKAYOA\AppData\Local\Programs\Python\Python310\lib\site-packages\django\template\base.py", line 505, in parse
    compile_func = self.tags[command]
KeyError: 'endblock'

During handling of the above exception, another exception occurred:

Traceback (most recent call last):
  File "C:\Users\Romaric AKAYOA\AppData\Local\Programs\Python\Python310\lib\site-packages\django\core\handlers\exception.py", line 55, in inner
    response = get_response(request)
  File "C:\Users\Romaric AKAYOA\AppData\Local\Programs\Python\Python310\lib\site-packages\django\core\handlers\base.py", line 197, in _get_response
    response = wrapped_callback(request, *callback_args, **callback_kwargs)
  File "C:\Users\Romaric AKAYOA\AppData\Local\Programs\Python\Python310\lib\site-packages\django\views\decorators\csrf.py", line 56, in wrapper_view
    return view_func(*args, **kwargs)
  File "D:\Projet\AJCA\SGDA_project\Gestion_adherent\view_teste.py", line 41, in upload_files
    return render(request, "Gestion_adherent/upload.html")
  File "C:\Users\Romaric AKAYOA\AppData\Local\Programs\Python\Python310\lib\site-packages\django\shortcuts.py", line 24, in render
    content = loader.render_to_string(template_name, context, request, using=using)
  File "C:\Users\Romaric AKAYOA\AppData\Local\Programs\Python\Python310\lib\site-packages\django\template\loader.py", line 61, in render_to_string
    template = get_template(template_name, using=using)
  File "C:\Users\Romaric AKAYOA\AppData\Local\Programs\Python\Python310\lib\site-packages\django\template\loader.py", line 15, in get_template
    return engine.get_template(template_name)
  File "C:\Users\Romaric AKAYOA\AppData\Local\Programs\Python\Python310\lib\site-packages\django\template\backends\django.py", line 33, in get_template
    return Template(self.engine.get_template(template_name), self)
  File "C:\Users\Romaric AKAYOA\AppData\Local\Programs\Python\Python310\lib\site-packages\django\template\engine.py", line 175, in get_template
    template, origin = self.find_template(template_name)
  File "C:\Users\Romaric AKAYOA\AppData\Local\Programs\Python\Python310\lib\site-packages\django\template\engine.py", line 157, in find_template
    template = loader.get_template(name, skip=skip)
  File "C:\Users\Romaric AKAYOA\AppData\Local\Programs\Python\Python310\lib\site-packages\django\template\loaders\cached.py", line 57, in get_template
    template = super().get_template(template_name, skip)
  File "C:\Users\Romaric AKAYOA\AppData\Local\Programs\Python\Python310\lib\site-packages\django\template\loaders\base.py", line 28, in get_template
    return Template(
  File "C:\Users\Romaric AKAYOA\AppData\Local\Programs\Python\Python310\lib\site-packages\django\template\base.py", line 154, in __init__
    self.nodelist = self.compile_nodelist()
  File "C:\Users\Romaric AKAYOA\AppData\Local\Programs\Python\Python310\lib\site-packages\django\template\base.py", line 200, in compile_nodelist
    return parser.parse()
  File "C:\Users\Romaric AKAYOA\AppData\Local\Programs\Python\Python310\lib\site-packages\django\template\base.py", line 513, in parse
    raise self.error(token, e)
  File "C:\Users\Romaric AKAYOA\AppData\Local\Programs\Python\Python310\lib\site-packages\django\template\base.py", line 511, in parse
    compiled_result = compile_func(self, token)
  File "C:\Users\Romaric AKAYOA\AppData\Local\Programs\Python\Python310\lib\site-packages\django\template\loader_tags.py", line 293, in do_extends
    nodelist = parser.parse()
  File "C:\Users\Romaric AKAYOA\AppData\Local\Programs\Python\Python310\lib\site-packages\django\template\base.py", line 507, in parse
    self.invalid_block_tag(token, command, parse_until)
  File "C:\Users\Romaric AKAYOA\AppData\Local\Programs\Python\Python310\lib\site-packages\django\template\base.py", line 568, in invalid_block_tag
    raise self.error(
django.template.exceptions.TemplateSyntaxError: Invalid block tag on line 89: 'endblock'. Did you forget to register or load this tag?
2025-09-10 00:19:03,316 - ERROR - basehttp - "GET /Gestion_adherent/upload/ HTTP/1.1" 500 145
2025-09-10 00:19:55,147 - INFO - basehttp - "GET /Gestion_adherent/upload/ HTTP/1.1" 200 16839
2025-09-10 00:19:55,201 - INFO - basehttp - "GET /static/css/bootstrap.min.css HTTP/1.1" 304 0
2025-09-10 00:19:55,210 - INFO - basehttp - "GET /static/css/styles.css HTTP/1.1" 304 0
2025-09-10 00:19:55,214 - INFO - basehttp - "GET /static/js/bootstrap.bundle.min.js HTTP/1.1" 304 0
2025-09-10 00:19:55,215 - INFO - basehttp - "GET /static/fontawesome-free-7.0.0-web/css/all.min.css HTTP/1.1" 304 0
2025-09-10 00:19:55,238 - WARNING - log - Not Found: /static/css/dist/style.css
2025-09-10 00:19:55,238 - WARNING - basehttp - "GET /static/css/dist/style.css HTTP/1.1" 404 179
2025-09-10 00:19:55,283 - INFO - basehttp - "GET /static/fontawesome-free-7.0.0-web/webfonts/fa-solid-900.woff2 HTTP/1.1" 304 0
2025-09-10 00:21:08,470 - INFO - basehttp - "GET /Gestion_adherent/upload/ HTTP/1.1" 200 16839
2025-09-10 00:21:08,519 - INFO - basehttp - "GET /static/css/bootstrap.min.css HTTP/1.1" 304 0
2025-09-10 00:21:08,527 - INFO - basehttp - "GET /static/fontawesome-free-7.0.0-web/css/all.min.css HTTP/1.1" 304 0
2025-09-10 00:21:08,530 - INFO - basehttp - "GET /static/css/styles.css HTTP/1.1" 304 0
2025-09-10 00:21:08,530 - INFO - basehttp - "GET /static/js/bootstrap.bundle.min.js HTTP/1.1" 304 0
2025-09-10 00:21:08,544 - WARNING - log - Not Found: /static/css/dist/style.css
2025-09-10 00:21:08,545 - WARNING - basehttp - "GET /static/css/dist/style.css HTTP/1.1" 404 179
2025-09-10 00:21:08,573 - INFO - basehttp - "GET /static/fontawesome-free-7.0.0-web/webfonts/fa-solid-900.woff2 HTTP/1.1" 304 0
2025-09-10 00:21:11,096 - INFO - basehttp - "GET /Gestion_adherent/upload/ HTTP/1.1" 200 16839
2025-09-10 00:21:11,176 - WARNING - log - Not Found: /static/css/dist/style.css
2025-09-10 00:21:11,177 - WARNING - basehttp - "GET /static/css/dist/style.css HTTP/1.1" 404 179
2025-09-10 00:22:04,058 - INFO - basehttp - "GET /Gestion_adherent/upload/ HTTP/1.1" 200 16839
2025-09-10 00:22:04,125 - WARNING - log - Not Found: /static/css/dist/style.css
2025-09-10 00:22:04,126 - WARNING - basehttp - "GET /static/css/dist/style.css HTTP/1.1" 404 179
2025-09-10 00:22:06,947 - INFO - basehttp - "GET /Gestion_adherent/upload/ HTTP/1.1" 200 16839
2025-09-10 00:22:07,020 - WARNING - log - Not Found: /static/css/dist/style.css
2025-09-10 00:22:07,021 - WARNING - basehttp - "GET /static/css/dist/style.css HTTP/1.1" 404 179
2025-09-10 00:22:08,498 - INFO - basehttp - "GET /Gestion_adherent/upload/ HTTP/1.1" 200 16839
2025-09-10 00:22:08,551 - INFO - basehttp - "GET /static/css/bootstrap.min.css HTTP/1.1" 304 0
2025-09-10 00:22:08,556 - INFO - basehttp - "GET /static/css/styles.css HTTP/1.1" 304 0
2025-09-10 00:22:08,557 - INFO - basehttp - "GET /static/fontawesome-free-7.0.0-web/css/all.min.css HTTP/1.1" 304 0
2025-09-10 00:22:08,559 - INFO - basehttp - "GET /static/js/bootstrap.bundle.min.js HTTP/1.1" 304 0
2025-09-10 00:22:08,569 - WARNING - log - Not Found: /static/css/dist/style.css
2025-09-10 00:22:08,569 - WARNING - basehttp - "GET /static/css/dist/style.css HTTP/1.1" 404 179
2025-09-10 00:23:30,225 - ERROR - log - Internal Server Error: /Gestion_adherent/upload/
Traceback (most recent call last):
  File "C:\Users\Romaric AKAYOA\AppData\Local\Programs\Python\Python310\lib\site-packages\django\core\handlers\exception.py", line 55, in inner
    response = get_response(request)
  File "C:\Users\Romaric AKAYOA\AppData\Local\Programs\Python\Python310\lib\site-packages\django\core\handlers\base.py", line 197, in _get_response
    response = wrapped_callback(request, *callback_args, **callback_kwargs)
  File "C:\Users\Romaric AKAYOA\AppData\Local\Programs\Python\Python310\lib\site-packages\django\views\decorators\csrf.py", line 56, in wrapper_view
    return view_func(*args, **kwargs)
  File "D:\Projet\AJCA\SGDA_project\Gestion_adherent\view_teste.py", line 41, in upload_files
    return render(request, "Gestion_adherent/upload.html")
  File "C:\Users\Romaric AKAYOA\AppData\Local\Programs\Python\Python310\lib\site-packages\django\shortcuts.py", line 24, in render
    content = loader.render_to_string(template_name, context, request, using=using)
  File "C:\Users\Romaric AKAYOA\AppData\Local\Programs\Python\Python310\lib\site-packages\django\template\loader.py", line 62, in render_to_string
    return template.render(context, request)
  File "C:\Users\Romaric AKAYOA\AppData\Local\Programs\Python\Python310\lib\site-packages\django\template\backends\django.py", line 61, in render
    return self.template.render(context)
  File "C:\Users\Romaric AKAYOA\AppData\Local\Programs\Python\Python310\lib\site-packages\django\template\base.py", line 175, in render
    return self._render(context)
  File "C:\Users\Romaric AKAYOA\AppData\Local\Programs\Python\Python310\lib\site-packages\django\template\base.py", line 167, in _render
    return self.nodelist.render(context)
  File "C:\Users\Romaric AKAYOA\AppData\Local\Programs\Python\Python310\lib\site-packages\django\template\base.py", line 1005, in render
    return SafeString("".join([node.render_annotated(context) for node in self]))
  File "C:\Users\Romaric AKAYOA\AppData\Local\Programs\Python\Python310\lib\site-packages\django\template\base.py", line 1005, in <listcomp>
    return SafeString("".join([node.render_annotated(context) for node in self]))
  File "C:\Users\Romaric AKAYOA\AppData\Local\Programs\Python\Python310\lib\site-packages\django\template\base.py", line 966, in render_annotated
    return self.render(context)
  File "C:\Users\Romaric AKAYOA\AppData\Local\Programs\Python\Python310\lib\site-packages\django\template\loader_tags.py", line 157, in render
    return compiled_parent._render(context)
  File "C:\Users\Romaric AKAYOA\AppData\Local\Programs\Python\Python310\lib\site-packages\django\template\base.py", line 167, in _render
    return self.nodelist.render(context)
  File "C:\Users\Romaric AKAYOA\AppData\Local\Programs\Python\Python310\lib\site-packages\django\template\base.py", line 1005, in render
    return SafeString("".join([node.render_annotated(context) for node in self]))
  File "C:\Users\Romaric AKAYOA\AppData\Local\Programs\Python\Python310\lib\site-packages\django\template\base.py", line 1005, in <listcomp>
    return SafeString("".join([node.render_annotated(context) for node in self]))
  File "C:\Users\Romaric AKAYOA\AppData\Local\Programs\Python\Python310\lib\site-packages\django\template\base.py", line 966, in render_annotated
    return self.render(context)
  File "C:\Users\Romaric AKAYOA\AppData\Local\Programs\Python\Python310\lib\site-packages\django\template\loader_tags.py", line 63, in render
    result = block.nodelist.render(context)
  File "C:\Users\Romaric AKAYOA\AppData\Local\Programs\Python\Python310\lib\site-packages\django\template\base.py", line 1005, in render
    return SafeString("".join([node.render_annotated(context) for node in self]))
  File "C:\Users\Romaric AKAYOA\AppData\Local\Programs\Python\Python310\lib\site-packages\django\template\base.py", line 1005, in <listcomp>
    return SafeString("".join([node.render_annotated(context) for node in self]))
  File "C:\Users\Romaric AKAYOA\AppData\Local\Programs\Python\Python310\lib\site-packages\django\template\base.py", line 966, in render_annotated
    return self.render(context)
  File "C:\Users\Romaric AKAYOA\AppData\Local\Programs\Python\Python310\lib\site-packages\django\template\defaulttags.py", line 471, in render
    url = reverse(view_name, args=args, kwargs=kwargs, current_app=current_app)
  File "C:\Users\Romaric AKAYOA\AppData\Local\Programs\Python\Python310\lib\site-packages\django\urls\base.py", line 88, in reverse
    return resolver._reverse_with_prefix(view, prefix, *args, **kwargs)
  File "C:\Users\Romaric AKAYOA\AppData\Local\Programs\Python\Python310\lib\site-packages\django\urls\resolvers.py", line 828, in _reverse_with_prefix
    raise NoReverseMatch(msg)
django.urls.exceptions.NoReverseMatch: Reverse for 'home_Gestion_adherent' not found. 'home_Gestion_adherent' is not a valid view function or pattern name.
2025-09-10 00:23:30,270 - ERROR - basehttp - "GET /Gestion_adherent/upload/ HTTP/1.1" 500 145
2025-09-10 00:23:32,918 - ERROR - log - Internal Server Error: /Gestion_adherent/upload/
Traceback (most recent call last):
  File "C:\Users\Romaric AKAYOA\AppData\Local\Programs\Python\Python310\lib\site-packages\django\core\handlers\exception.py", line 55, in inner
    response = get_response(request)
  File "C:\Users\Romaric AKAYOA\AppData\Local\Programs\Python\Python310\lib\site-packages\django\core\handlers\base.py", line 197, in _get_response
    response = wrapped_callback(request, *callback_args, **callback_kwargs)
  File "C:\Users\Romaric AKAYOA\AppData\Local\Programs\Python\Python310\lib\site-packages\django\views\decorators\csrf.py", line 56, in wrapper_view
    return view_func(*args, **kwargs)
  File "D:\Projet\AJCA\SGDA_project\Gestion_adherent\view_teste.py", line 41, in upload_files
    return render(request, "Gestion_adherent/upload.html")
  File "C:\Users\Romaric AKAYOA\AppData\Local\Programs\Python\Python310\lib\site-packages\django\shortcuts.py", line 24, in render
    content = loader.render_to_string(template_name, context, request, using=using)
  File "C:\Users\Romaric AKAYOA\AppData\Local\Programs\Python\Python310\lib\site-packages\django\template\loader.py", line 62, in render_to_string
    return template.render(context, request)
  File "C:\Users\Romaric AKAYOA\AppData\Local\Programs\Python\Python310\lib\site-packages\django\template\backends\django.py", line 61, in render
    return self.template.render(context)
  File "C:\Users\Romaric AKAYOA\AppData\Local\Programs\Python\Python310\lib\site-packages\django\template\base.py", line 175, in render
    return self._render(context)
  File "C:\Users\Romaric AKAYOA\AppData\Local\Programs\Python\Python310\lib\site-packages\django\template\base.py", line 167, in _render
    return self.nodelist.render(context)
  File "C:\Users\Romaric AKAYOA\AppData\Local\Programs\Python\Python310\lib\site-packages\django\template\base.py", line 1005, in render
    return SafeString("".join([node.render_annotated(context) for node in self]))
  File "C:\Users\Romaric AKAYOA\AppData\Local\Programs\Python\Python310\lib\site-packages\django\template\base.py", line 1005, in <listcomp>
    return SafeString("".join([node.render_annotated(context) for node in self]))
  File "C:\Users\Romaric AKAYOA\AppData\Local\Programs\Python\Python310\lib\site-packages\django\template\base.py", line 966, in render_annotated
    return self.render(context)
  File "C:\Users\Romaric AKAYOA\AppData\Local\Programs\Python\Python310\lib\site-packages\django\template\loader_tags.py", line 157, in render
    return compiled_parent._render(context)
  File "C:\Users\Romaric AKAYOA\AppData\Local\Programs\Python\Python310\lib\site-packages\django\template\base.py", line 167, in _render
    return self.nodelist.render(context)
  File "C:\Users\Romaric AKAYOA\AppData\Local\Programs\Python\Python310\lib\site-packages\django\template\base.py", line 1005, in render
    return SafeString("".join([node.render_annotated(context) for node in self]))
  File "C:\Users\Romaric AKAYOA\AppData\Local\Programs\Python\Python310\lib\site-packages\django\template\base.py", line 1005, in <listcomp>
    return SafeString("".join([node.render_annotated(context) for node in self]))
  File "C:\Users\Romaric AKAYOA\AppData\Local\Programs\Python\Python310\lib\site-packages\django\template\base.py", line 966, in render_annotated
    return self.render(context)
  File "C:\Users\Romaric AKAYOA\AppData\Local\Programs\Python\Python310\lib\site-packages\django\template\loader_tags.py", line 63, in render
    result = block.nodelist.render(context)
  File "C:\Users\Romaric AKAYOA\AppData\Local\Programs\Python\Python310\lib\site-packages\django\template\base.py", line 1005, in render
    return SafeString("".join([node.render_annotated(context) for node in self]))
  File "C:\Users\Romaric AKAYOA\AppData\Local\Programs\Python\Python310\lib\site-packages\django\template\base.py", line 1005, in <listcomp>
    return SafeString("".join([node.render_annotated(context) for node in self]))
  File "C:\Users\Romaric AKAYOA\AppData\Local\Programs\Python\Python310\lib\site-packages\django\template\base.py", line 966, in render_annotated
    return self.render(context)
  File "C:\Users\Romaric AKAYOA\AppData\Local\Programs\Python\Python310\lib\site-packages\django\template\defaulttags.py", line 471, in render
    url = reverse(view_name, args=args, kwargs=kwargs, current_app=current_app)
  File "C:\Users\Romaric AKAYOA\AppData\Local\Programs\Python\Python310\lib\site-packages\django\urls\base.py", line 88, in reverse
    return resolver._reverse_with_prefix(view, prefix, *args, **kwargs)
  File "C:\Users\Romaric AKAYOA\AppData\Local\Programs\Python\Python310\lib\site-packages\django\urls\resolvers.py", line 828, in _reverse_with_prefix
    raise NoReverseMatch(msg)
django.urls.exceptions.NoReverseMatch: Reverse for 'home_Gestion_adherent' not found. 'home_Gestion_adherent' is not a valid view function or pattern name.
2025-09-10 00:23:32,920 - ERROR - basehttp - "GET /Gestion_adherent/upload/ HTTP/1.1" 500 145
2025-09-10 00:24:07,989 - ERROR - log - Internal Server Error: /Gestion_adherent/upload/
Traceback (most recent call last):
  File "C:\Users\Romaric AKAYOA\AppData\Local\Programs\Python\Python310\lib\site-packages\django\core\handlers\exception.py", line 55, in inner
    response = get_response(request)
  File "C:\Users\Romaric AKAYOA\AppData\Local\Programs\Python\Python310\lib\site-packages\django\core\handlers\base.py", line 197, in _get_response
    response = wrapped_callback(request, *callback_args, **callback_kwargs)
  File "C:\Users\Romaric AKAYOA\AppData\Local\Programs\Python\Python310\lib\site-packages\django\views\decorators\csrf.py", line 56, in wrapper_view
    return view_func(*args, **kwargs)
  File "D:\Projet\AJCA\SGDA_project\Gestion_adherent\view_teste.py", line 41, in upload_files
    return render(request, "Gestion_adherent/upload.html")
  File "C:\Users\Romaric AKAYOA\AppData\Local\Programs\Python\Python310\lib\site-packages\django\shortcuts.py", line 24, in render
    content = loader.render_to_string(template_name, context, request, using=using)
  File "C:\Users\Romaric AKAYOA\AppData\Local\Programs\Python\Python310\lib\site-packages\django\template\loader.py", line 62, in render_to_string
    return template.render(context, request)
  File "C:\Users\Romaric AKAYOA\AppData\Local\Programs\Python\Python310\lib\site-packages\django\template\backends\django.py", line 61, in render
    return self.template.render(context)
  File "C:\Users\Romaric AKAYOA\AppData\Local\Programs\Python\Python310\lib\site-packages\django\template\base.py", line 175, in render
    return self._render(context)
  File "C:\Users\Romaric AKAYOA\AppData\Local\Programs\Python\Python310\lib\site-packages\django\template\base.py", line 167, in _render
    return self.nodelist.render(context)
  File "C:\Users\Romaric AKAYOA\AppData\Local\Programs\Python\Python310\lib\site-packages\django\template\base.py", line 1005, in render
    return SafeString("".join([node.render_annotated(context) for node in self]))
  File "C:\Users\Romaric AKAYOA\AppData\Local\Programs\Python\Python310\lib\site-packages\django\template\base.py", line 1005, in <listcomp>
    return SafeString("".join([node.render_annotated(context) for node in self]))
  File "C:\Users\Romaric AKAYOA\AppData\Local\Programs\Python\Python310\lib\site-packages\django\template\base.py", line 966, in render_annotated
    return self.render(context)
  File "C:\Users\Romaric AKAYOA\AppData\Local\Programs\Python\Python310\lib\site-packages\django\template\loader_tags.py", line 157, in render
    return compiled_parent._render(context)
  File "C:\Users\Romaric AKAYOA\AppData\Local\Programs\Python\Python310\lib\site-packages\django\template\base.py", line 167, in _render
    return self.nodelist.render(context)
  File "C:\Users\Romaric AKAYOA\AppData\Local\Programs\Python\Python310\lib\site-packages\django\template\base.py", line 1005, in render
    return SafeString("".join([node.render_annotated(context) for node in self]))
  File "C:\Users\Romaric AKAYOA\AppData\Local\Programs\Python\Python310\lib\site-packages\django\template\base.py", line 1005, in <listcomp>
    return SafeString("".join([node.render_annotated(context) for node in self]))
  File "C:\Users\Romaric AKAYOA\AppData\Local\Programs\Python\Python310\lib\site-packages\django\template\base.py", line 966, in render_annotated
    return self.render(context)
  File "C:\Users\Romaric AKAYOA\AppData\Local\Programs\Python\Python310\lib\site-packages\django\template\loader_tags.py", line 63, in render
    result = block.nodelist.render(context)
  File "C:\Users\Romaric AKAYOA\AppData\Local\Programs\Python\Python310\lib\site-packages\django\template\base.py", line 1005, in render
    return SafeString("".join([node.render_annotated(context) for node in self]))
  File "C:\Users\Romaric AKAYOA\AppData\Local\Programs\Python\Python310\lib\site-packages\django\template\base.py", line 1005, in <listcomp>
    return SafeString("".join([node.render_annotated(context) for node in self]))
  File "C:\Users\Romaric AKAYOA\AppData\Local\Programs\Python\Python310\lib\site-packages\django\template\base.py", line 966, in render_annotated
    return self.render(context)
  File "C:\Users\Romaric AKAYOA\AppData\Local\Programs\Python\Python310\lib\site-packages\django\template\defaulttags.py", line 471, in render
    url = reverse(view_name, args=args, kwargs=kwargs, current_app=current_app)
  File "C:\Users\Romaric AKAYOA\AppData\Local\Programs\Python\Python310\lib\site-packages\django\urls\base.py", line 88, in reverse
    return resolver._reverse_with_prefix(view, prefix, *args, **kwargs)
  File "C:\Users\Romaric AKAYOA\AppData\Local\Programs\Python\Python310\lib\site-packages\django\urls\resolvers.py", line 828, in _reverse_with_prefix
    raise NoReverseMatch(msg)
django.urls.exceptions.NoReverseMatch: Reverse for 'home_Gestion_adherent' not found. 'home_Gestion_adherent' is not a valid view function or pattern name.
2025-09-10 00:24:07,992 - ERROR - basehttp - "GET /Gestion_adherent/upload/ HTTP/1.1" 500 145
2025-09-10 00:24:10,541 - ERROR - log - Internal Server Error: /Gestion_adherent/upload/
Traceback (most recent call last):
  File "C:\Users\Romaric AKAYOA\AppData\Local\Programs\Python\Python310\lib\site-packages\django\core\handlers\exception.py", line 55, in inner
    response = get_response(request)
  File "C:\Users\Romaric AKAYOA\AppData\Local\Programs\Python\Python310\lib\site-packages\django\core\handlers\base.py", line 197, in _get_response
    response = wrapped_callback(request, *callback_args, **callback_kwargs)
  File "C:\Users\Romaric AKAYOA\AppData\Local\Programs\Python\Python310\lib\site-packages\django\views\decorators\csrf.py", line 56, in wrapper_view
    return view_func(*args, **kwargs)
  File "D:\Projet\AJCA\SGDA_project\Gestion_adherent\view_teste.py", line 41, in upload_files
    return render(request, "Gestion_adherent/upload.html")
  File "C:\Users\Romaric AKAYOA\AppData\Local\Programs\Python\Python310\lib\site-packages\django\shortcuts.py", line 24, in render
    content = loader.render_to_string(template_name, context, request, using=using)
  File "C:\Users\Romaric AKAYOA\AppData\Local\Programs\Python\Python310\lib\site-packages\django\template\loader.py", line 62, in render_to_string
    return template.render(context, request)
  File "C:\Users\Romaric AKAYOA\AppData\Local\Programs\Python\Python310\lib\site-packages\django\template\backends\django.py", line 61, in render
    return self.template.render(context)
  File "C:\Users\Romaric AKAYOA\AppData\Local\Programs\Python\Python310\lib\site-packages\django\template\base.py", line 175, in render
    return self._render(context)
  File "C:\Users\Romaric AKAYOA\AppData\Local\Programs\Python\Python310\lib\site-packages\django\template\base.py", line 167, in _render
    return self.nodelist.render(context)
  File "C:\Users\Romaric AKAYOA\AppData\Local\Programs\Python\Python310\lib\site-packages\django\template\base.py", line 1005, in render
    return SafeString("".join([node.render_annotated(context) for node in self]))
  File "C:\Users\Romaric AKAYOA\AppData\Local\Programs\Python\Python310\lib\site-packages\django\template\base.py", line 1005, in <listcomp>
    return SafeString("".join([node.render_annotated(context) for node in self]))
  File "C:\Users\Romaric AKAYOA\AppData\Local\Programs\Python\Python310\lib\site-packages\django\template\base.py", line 966, in render_annotated
    return self.render(context)
  File "C:\Users\Romaric AKAYOA\AppData\Local\Programs\Python\Python310\lib\site-packages\django\template\loader_tags.py", line 157, in render
    return compiled_parent._render(context)
  File "C:\Users\Romaric AKAYOA\AppData\Local\Programs\Python\Python310\lib\site-packages\django\template\base.py", line 167, in _render
    return self.nodelist.render(context)
  File "C:\Users\Romaric AKAYOA\AppData\Local\Programs\Python\Python310\lib\site-packages\django\template\base.py", line 1005, in render
    return SafeString("".join([node.render_annotated(context) for node in self]))
  File "C:\Users\Romaric AKAYOA\AppData\Local\Programs\Python\Python310\lib\site-packages\django\template\base.py", line 1005, in <listcomp>
    return SafeString("".join([node.render_annotated(context) for node in self]))
  File "C:\Users\Romaric AKAYOA\AppData\Local\Programs\Python\Python310\lib\site-packages\django\template\base.py", line 966, in render_annotated
    return self.render(context)
  File "C:\Users\Romaric AKAYOA\AppData\Local\Programs\Python\Python310\lib\site-packages\django\template\loader_tags.py", line 63, in render
    result = block.nodelist.render(context)
  File "C:\Users\Romaric AKAYOA\AppData\Local\Programs\Python\Python310\lib\site-packages\django\template\base.py", line 1005, in render
    return SafeString("".join([node.render_annotated(context) for node in self]))
  File "C:\Users\Romaric AKAYOA\AppData\Local\Programs\Python\Python310\lib\site-packages\django\template\base.py", line 1005, in <listcomp>
    return SafeString("".join([node.render_annotated(context) for node in self]))
  File "C:\Users\Romaric AKAYOA\AppData\Local\Programs\Python\Python310\lib\site-packages\django\template\base.py", line 966, in render_annotated
    return self.render(context)
  File "C:\Users\Romaric AKAYOA\AppData\Local\Programs\Python\Python310\lib\site-packages\django\template\defaulttags.py", line 471, in render
    url = reverse(view_name, args=args, kwargs=kwargs, current_app=current_app)
  File "C:\Users\Romaric AKAYOA\AppData\Local\Programs\Python\Python310\lib\site-packages\django\urls\base.py", line 88, in reverse
    return resolver._reverse_with_prefix(view, prefix, *args, **kwargs)
  File "C:\Users\Romaric AKAYOA\AppData\Local\Programs\Python\Python310\lib\site-packages\django\urls\resolvers.py", line 828, in _reverse_with_prefix
    raise NoReverseMatch(msg)
django.urls.exceptions.NoReverseMatch: Reverse for 'home_Gestion_adherent' not found. 'home_Gestion_adherent' is not a valid view function or pattern name.
2025-09-10 00:24:10,544 - ERROR - basehttp - "GET /Gestion_adherent/upload/ HTTP/1.1" 500 145
2025-09-10 00:24:32,166 - INFO - basehttp - "GET /Gestion_adherent/upload/ HTTP/1.1" 200 18059
2025-09-10 00:24:32,219 - INFO - basehttp - "GET /static/css/styles.css HTTP/1.1" 304 0
2025-09-10 00:24:32,220 - INFO - basehttp - "GET /static/css/bootstrap.min.css HTTP/1.1" 304 0
2025-09-10 00:24:32,224 - INFO - basehttp - "GET /static/fontawesome-free-7.0.0-web/css/all.min.css HTTP/1.1" 304 0
2025-09-10 00:24:32,226 - INFO - basehttp - "GET /static/js/bootstrap.bundle.min.js HTTP/1.1" 304 0
2025-09-10 00:24:32,242 - WARNING - log - Not Found: /static/css/dist/style.css
2025-09-10 00:24:32,243 - WARNING - basehttp - "GET /static/css/dist/style.css HTTP/1.1" 404 179
2025-09-10 00:24:32,300 - INFO - basehttp - "GET /static/fontawesome-free-7.0.0-web/webfonts/fa-solid-900.woff2 HTTP/1.1" 304 0
2025-09-10 00:25:11,182 - INFO - basehttp - "GET /Gestion_adherent/upload/ HTTP/1.1" 200 18057
2025-09-10 00:25:11,258 - WARNING - log - Not Found: /static/css/dist/style.css
2025-09-10 00:25:11,259 - WARNING - basehttp - "GET /static/css/dist/style.css HTTP/1.1" 404 179
2025-09-10 00:30:04,264 - INFO - basehttp - "GET /Gestion_adherent/upload/ HTTP/1.1" 200 18308
2025-09-10 00:30:04,319 - INFO - basehttp - "GET /static/css/bootstrap.min.css HTTP/1.1" 304 0
2025-09-10 00:30:04,327 - INFO - basehttp - "GET /static/css/styles.css HTTP/1.1" 304 0
2025-09-10 00:30:04,331 - INFO - basehttp - "GET /static/js/bootstrap.bundle.min.js HTTP/1.1" 304 0
2025-09-10 00:30:04,344 - INFO - basehttp - "GET /static/fontawesome-free-7.0.0-web/css/all.min.css HTTP/1.1" 304 0
2025-09-10 00:30:04,350 - WARNING - log - Not Found: /static/css/dist/style.css
2025-09-10 00:30:04,351 - WARNING - basehttp - "GET /static/css/dist/style.css HTTP/1.1" 404 179
2025-09-10 00:30:04,392 - INFO - basehttp - "GET /static/fontawesome-free-7.0.0-web/webfonts/fa-solid-900.woff2 HTTP/1.1" 304 0
2025-09-12 22:43:45,811 - INFO - autoreload - Watching for file changes with StatReloader
2025-09-12 22:44:57,612 - INFO - basehttp - "GET / HTTP/1.1" 302 0
2025-09-12 22:44:57,900 - INFO - basehttp - "GET /compte/login/ HTTP/1.1" 200 14502
2025-09-12 22:44:57,958 - INFO - basehttp - "GET /static/css/dist/style.css HTTP/1.1" 302 0
2025-09-12 22:44:57,992 - INFO - basehttp - "GET /compte/login/ HTTP/1.1" 200 14502
2025-09-12 22:44:58,002 - INFO - basehttp - "GET /static/css/bootstrap.min.css HTTP/1.1" 200 155845
2025-09-12 22:44:58,035 - INFO - basehttp - "GET /static/fontawesome-free-7.0.0-web/css/all.min.css HTTP/1.1" 200 74185
2025-09-12 22:44:58,039 - INFO - basehttp - "GET /static/css/styles.css HTTP/1.1" 200 7304
2025-09-12 22:44:58,070 - INFO - basehttp - "GET /static/js/bootstrap.bundle.min.js HTTP/1.1" 200 78743
2025-09-12 22:44:58,284 - INFO - basehttp - "GET /static/fontawesome-free-7.0.0-web/webfonts/fa-solid-900.woff2 HTTP/1.1" 200 113108
2025-09-12 22:44:58,358 - INFO - basehttp - "GET /favicon.ico HTTP/1.1" 302 0
2025-09-12 22:44:58,434 - INFO - basehttp - "GET /compte/login/ HTTP/1.1" 200 14502
2025-09-12 22:45:22,563 - INFO - basehttp - "POST /compte/login/ HTTP/1.1" 302 0
2025-09-12 22:45:22,730 - INFO - basehttp - "GET /Gestion_adherent/ HTTP/1.1" 200 23719
2025-09-12 22:45:22,802 - WARNING - log - Not Found: /static/css/dist/style.css
2025-09-12 22:45:22,803 - WARNING - basehttp - "GET /static/css/dist/style.css HTTP/1.1" 404 179
2025-09-12 22:45:23,013 - WARNING - log - Not Found: /favicon.ico
2025-09-12 22:45:23,014 - WARNING - basehttp - "GET /favicon.ico HTTP/1.1" 404 179
2025-09-12 22:47:56,425 - INFO - basehttp - "GET /cotisation/ HTTP/1.1" 200 27127
2025-09-12 22:47:56,482 - INFO - basehttp - "GET /static/css/bootstrap.min.css HTTP/1.1" 304 0
2025-09-12 22:47:56,491 - INFO - basehttp - "GET /static/css/styles.css HTTP/1.1" 304 0
2025-09-12 22:47:56,496 - INFO - basehttp - "GET /static/js/bootstrap.bundle.min.js HTTP/1.1" 304 0
2025-09-12 22:47:56,496 - INFO - basehttp - "GET /static/fontawesome-free-7.0.0-web/css/all.min.css HTTP/1.1" 304 0
2025-09-12 22:47:56,505 - WARNING - log - Not Found: /static/css/dist/style.css
2025-09-12 22:47:56,507 - WARNING - basehttp - "GET /static/css/dist/style.css HTTP/1.1" 404 179
2025-09-12 22:47:56,591 - INFO - basehttp - "GET /static/fontawesome-free-7.0.0-web/webfonts/fa-solid-900.woff2 HTTP/1.1" 304 0
2025-09-12 22:48:43,669 - INFO - basehttp - "GET /cotisation/?q=mensuelle%09 HTTP/1.1" 200 27133
2025-09-12 22:48:43,744 - WARNING - log - Not Found: /static/css/dist/style.css
2025-09-12 22:48:43,745 - WARNING - basehttp - "GET /static/css/dist/style.css HTTP/1.1" 404 179
2025-09-12 22:48:55,205 - INFO - basehttp - "GET /cotisation/?q=mensuelle HTTP/1.1" 200 27132
2025-09-12 22:48:55,271 - WARNING - log - Not Found: /static/css/dist/style.css
2025-09-12 22:48:55,272 - WARNING - basehttp - "GET /static/css/dist/style.css HTTP/1.1" 404 179
2025-09-12 22:48:55,980 - INFO - basehttp - "GET /cotisation/?q=mensuelle HTTP/1.1" 200 27132
2025-09-12 22:48:56,045 - INFO - basehttp - "GET /static/js/bootstrap.bundle.min.js HTTP/1.1" 304 0
2025-09-12 22:48:56,045 - INFO - basehttp - "GET /static/fontawesome-free-7.0.0-web/css/all.min.css HTTP/1.1" 304 0
2025-09-12 22:48:56,055 - WARNING - log - Not Found: /static/css/dist/style.css
2025-09-12 22:48:56,055 - WARNING - basehttp - "GET /static/css/dist/style.css HTTP/1.1" 404 179
2025-09-12 22:48:58,017 - INFO - basehttp - "GET /cotisation/?q= HTTP/1.1" 200 27127
2025-09-12 22:48:58,072 - INFO - basehttp - "GET /static/css/styles.css HTTP/1.1" 304 0
2025-09-12 22:48:58,072 - INFO - basehttp - "GET /static/css/bootstrap.min.css HTTP/1.1" 304 0
2025-09-12 22:48:58,082 - WARNING - log - Not Found: /static/css/dist/style.css
2025-09-12 22:48:58,083 - WARNING - basehttp - "GET /static/css/dist/style.css HTTP/1.1" 404 179
2025-09-12 22:48:58,802 - INFO - basehttp - "GET /cotisation/?q= HTTP/1.1" 200 27127
2025-09-12 22:48:58,863 - WARNING - log - Not Found: /static/css/dist/style.css
2025-09-12 22:48:58,864 - WARNING - basehttp - "GET /static/css/dist/style.css HTTP/1.1" 404 179
2025-09-12 22:53:41,131 - INFO - autoreload - D:\Projet\AJCA\SGDA_project\Gestion_adherent\view_teste.py changed, reloading.
2025-09-12 22:53:43,540 - INFO - autoreload - Watching for file changes with StatReloader
2025-09-12 22:54:02,174 - INFO - basehttp - - Broken pipe from ('127.0.0.1', 57818)
2025-09-12 22:54:04,652 - INFO - basehttp - "GET /cotisation/print-list/ HTTP/1.1" 200 66708
2025-09-12 22:54:33,628 - INFO - basehttp - "GET /cotisation/print-list/ HTTP/1.1" 200 66708
2025-09-12 22:55:36,866 - INFO - basehttp - "GET /cotisation/print-detail/2365/ HTTP/1.1" 200 3018
2025-09-12 22:56:12,195 - INFO - autoreload - D:\Projet\AJCA\SGDA_project\Gestion_adherent\Cotisation_adherent\views.py changed, reloading.
2025-09-12 22:56:15,720 - INFO - autoreload - Watching for file changes with StatReloader
2025-09-12 22:56:29,260 - INFO - basehttp - "GET /cotisation/print-detail/2365/ HTTP/1.1" 200 3018
2025-09-12 22:57:53,926 - INFO - autoreload - D:\Projet\AJCA\SGDA_project\Gestion_adherent\Cotisation_adherent\views.py changed, reloading.
2025-09-12 22:57:56,403 - INFO - autoreload - Watching for file changes with StatReloader
2025-09-12 22:58:25,522 - INFO - autoreload - D:\Projet\AJCA\SGDA_project\Gestion_adherent\Cotisation_adherent\views.py changed, reloading.
2025-09-12 22:58:28,477 - INFO - autoreload - Watching for file changes with StatReloader
2025-09-12 22:58:46,599 - INFO - autoreload - D:\Projet\AJCA\SGDA_project\Gestion_adherent\Cotisation_adherent\views.py changed, reloading.
2025-09-12 22:58:49,261 - INFO - autoreload - Watching for file changes with StatReloader
